mode: set
github.com/fall_out_bug/sdp-trace/internal/adaptercapture/adaptercapture.go:3.45,8.50 3 1
github.com/fall_out_bug/sdp-trace/internal/adaptercapture/adaptercapture.go:8.50,11.3 1 1
github.com/fall_out_bug/sdp-trace/internal/adaptercapture/adaptercapture.go:13.2,15.15 3 1
github.com/fall_out_bug/sdp-trace/internal/adaptercapture/adaptercapture_assessment.go:3.60,20.2 1 1
github.com/fall_out_bug/sdp-trace/internal/adaptercapture/adaptercapture_assessment.go:22.78,33.2 1 1
github.com/fall_out_bug/sdp-trace/internal/adaptercapture/adaptercapture_binding_chain.go:3.79,7.47 1 1
github.com/fall_out_bug/sdp-trace/internal/adaptercapture/adaptercapture_binding_chain.go:7.47,10.3 1 1
github.com/fall_out_bug/sdp-trace/internal/adaptercapture/adaptercapture_binding_chain.go:11.2,11.35 1 1
github.com/fall_out_bug/sdp-trace/internal/adaptercapture/adaptercapture_binding_chain.go:11.35,14.3 1 1
github.com/fall_out_bug/sdp-trace/internal/adaptercapture/adaptercapture_binding_chain.go:15.2,15.20 1 1
github.com/fall_out_bug/sdp-trace/internal/adaptercapture/adaptercapture_binding_chain.go:18.63,20.2 1 1
github.com/fall_out_bug/sdp-trace/internal/adaptercapture/adaptercapture_binding_chain.go:22.54,24.2 1 1
github.com/fall_out_bug/sdp-trace/internal/adaptercapture/adaptercapture_binding_chain.go:26.83,30.52 1 1
github.com/fall_out_bug/sdp-trace/internal/adaptercapture/adaptercapture_binding_chain.go:30.52,33.3 1 1
github.com/fall_out_bug/sdp-trace/internal/adaptercapture/adaptercapture_binding_chain.go:34.2,34.95 1 1
github.com/fall_out_bug/sdp-trace/internal/adaptercapture/adaptercapture_binding_chain.go:34.95,37.3 1 1
github.com/fall_out_bug/sdp-trace/internal/adaptercapture/adaptercapture_binding_chain.go:38.2,38.20 1 0
github.com/fall_out_bug/sdp-trace/internal/adaptercapture/adaptercapture_binding_chain.go:41.75,50.2 1 1
github.com/fall_out_bug/sdp-trace/internal/adaptercapture/adaptercapture_binding_run.go:3.53,6.29 1 1
github.com/fall_out_bug/sdp-trace/internal/adaptercapture/adaptercapture_binding_run.go:6.29,9.3 1 1
github.com/fall_out_bug/sdp-trace/internal/adaptercapture/adaptercapture_binding_run.go:10.2,10.42 1 1
github.com/fall_out_bug/sdp-trace/internal/adaptercapture/adaptercapture_binding_run.go:10.42,11.83 1 1
github.com/fall_out_bug/sdp-trace/internal/adaptercapture/adaptercapture_binding_run.go:11.83,13.4 1 1
github.com/fall_out_bug/sdp-trace/internal/adaptercapture/adaptercapture_binding_run.go:15.2,15.141 1 1
github.com/fall_out_bug/sdp-trace/internal/adaptercapture/adaptercapture_binding_run.go:18.47,20.2 1 1
github.com/fall_out_bug/sdp-trace/internal/adaptercapture/adaptercapture_binding_run.go:22.85,26.49 1 1
github.com/fall_out_bug/sdp-trace/internal/adaptercapture/adaptercapture_binding_run.go:26.49,28.3 1 1
github.com/fall_out_bug/sdp-trace/internal/adaptercapture/adaptercapture_binding_run.go:30.2,30.53 1 1
github.com/fall_out_bug/sdp-trace/internal/adaptercapture/adaptercapture_binding_run.go:33.86,38.27 1 1
github.com/fall_out_bug/sdp-trace/internal/adaptercapture/adaptercapture_binding_run.go:39.24,40.47 1 1
github.com/fall_out_bug/sdp-trace/internal/adaptercapture/adaptercapture_binding_run.go:41.28,42.51 1 1
github.com/fall_out_bug/sdp-trace/internal/adaptercapture/adaptercapture_binding_run.go:43.10,44.174 1 1
github.com/fall_out_bug/sdp-trace/internal/adaptercapture/adaptercapture_binding_run.go:48.80,50.2 1 1
github.com/fall_out_bug/sdp-trace/internal/adaptercapture/adaptercapture_conditions.go:3.46,5.2 1 1
github.com/fall_out_bug/sdp-trace/internal/adaptercapture/adaptercapture_conditions.go:7.54,9.2 1 1
github.com/fall_out_bug/sdp-trace/internal/adaptercapture/adaptercapture_conditions.go:11.62,13.2 1 1
github.com/fall_out_bug/sdp-trace/internal/adaptercapture/adaptercapture_contract_condition.go:3.51,6.33 1 1
github.com/fall_out_bug/sdp-trace/internal/adaptercapture/adaptercapture_contract_condition.go:6.33,8.3 1 0
github.com/fall_out_bug/sdp-trace/internal/adaptercapture/adaptercapture_contract_condition.go:10.2,10.55 1 1
github.com/fall_out_bug/sdp-trace/internal/adaptercapture/adaptercapture_contract_condition.go:13.67,17.31 2 1
github.com/fall_out_bug/sdp-trace/internal/adaptercapture/adaptercapture_contract_condition.go:17.31,18.37 1 1
github.com/fall_out_bug/sdp-trace/internal/adaptercapture/adaptercapture_contract_condition.go:18.37,21.4 1 1
github.com/fall_out_bug/sdp-trace/internal/adaptercapture/adaptercapture_contract_condition.go:22.3,22.46 1 1
github.com/fall_out_bug/sdp-trace/internal/adaptercapture/adaptercapture_contract_condition.go:22.46,25.4 1 1
github.com/fall_out_bug/sdp-trace/internal/adaptercapture/adaptercapture_contract_condition.go:27.2,27.126 1 1
github.com/fall_out_bug/sdp-trace/internal/adaptercapture/adaptercapture_contract_helpers.go:3.55,5.2 1 1
github.com/fall_out_bug/sdp-trace/internal/adaptercapture/adaptercapture_contract_helpers.go:7.59,9.2 1 1
github.com/fall_out_bug/sdp-trace/internal/adaptercapture/adaptercapture_contract_helpers.go:11.58,13.2 1 1
github.com/fall_out_bug/sdp-trace/internal/adaptercapture/adaptercapture_contract_helpers.go:15.80,19.32 1 1
github.com/fall_out_bug/sdp-trace/internal/adaptercapture/adaptercapture_contract_helpers.go:19.32,22.3 1 1
github.com/fall_out_bug/sdp-trace/internal/adaptercapture/adaptercapture_contract_helpers.go:23.2,24.15 2 1
github.com/fall_out_bug/sdp-trace/internal/adaptercapture/adaptercapture_contract_helpers.go:24.15,27.3 1 1
github.com/fall_out_bug/sdp-trace/internal/adaptercapture/adaptercapture_contract_helpers.go:28.2,29.14 2 1
github.com/fall_out_bug/sdp-trace/internal/adaptercapture/adaptercapture_contract_helpers.go:32.56,34.2 1 1
github.com/fall_out_bug/sdp-trace/internal/adaptercapture/adaptercapture_event_presence.go:3.58,7.50 1 1
github.com/fall_out_bug/sdp-trace/internal/adaptercapture/adaptercapture_event_presence.go:7.50,8.28 1 1
github.com/fall_out_bug/sdp-trace/internal/adaptercapture/adaptercapture_event_presence.go:8.28,11.4 1 1
github.com/fall_out_bug/sdp-trace/internal/adaptercapture/adaptercapture_event_presence.go:13.2,13.14 1 0
github.com/fall_out_bug/sdp-trace/internal/adaptercapture/adaptercapture_event_presence.go:16.58,20.56 1 1
github.com/fall_out_bug/sdp-trace/internal/adaptercapture/adaptercapture_event_presence.go:20.56,21.31 1 0
github.com/fall_out_bug/sdp-trace/internal/adaptercapture/adaptercapture_event_presence.go:21.31,24.4 1 0
github.com/fall_out_bug/sdp-trace/internal/adaptercapture/adaptercapture_event_presence.go:26.2,26.14 1 1
github.com/fall_out_bug/sdp-trace/internal/adaptercapture/adaptercapture_event_presence.go:29.61,33.31 1 1
github.com/fall_out_bug/sdp-trace/internal/adaptercapture/adaptercapture_event_presence.go:33.31,34.35 1 1
github.com/fall_out_bug/sdp-trace/internal/adaptercapture/adaptercapture_event_presence.go:34.35,37.4 1 1
github.com/fall_out_bug/sdp-trace/internal/adaptercapture/adaptercapture_event_presence.go:39.2,39.14 1 1
github.com/fall_out_bug/sdp-trace/internal/adaptercapture/adaptercapture_identity.go:3.51,6.42 1 1
github.com/fall_out_bug/sdp-trace/internal/adaptercapture/adaptercapture_identity.go:6.42,7.60 1 1
github.com/fall_out_bug/sdp-trace/internal/adaptercapture/adaptercapture_identity.go:7.60,10.4 1 0
github.com/fall_out_bug/sdp-trace/internal/adaptercapture/adaptercapture_identity.go:12.2,12.142 1 1
github.com/fall_out_bug/sdp-trace/internal/adaptercapture/adaptercapture_identity.go:15.70,19.35 1 1
github.com/fall_out_bug/sdp-trace/internal/adaptercapture/adaptercapture_identity.go:19.35,22.3 1 0
github.com/fall_out_bug/sdp-trace/internal/adaptercapture/adaptercapture_identity.go:23.2,23.50 1 1
github.com/fall_out_bug/sdp-trace/internal/adaptercapture/adaptercapture_identity.go:23.50,26.3 1 0
github.com/fall_out_bug/sdp-trace/internal/adaptercapture/adaptercapture_identity.go:27.2,27.27 1 1
github.com/fall_out_bug/sdp-trace/internal/adaptercapture/adaptercapture_identity.go:30.54,32.2 1 1
github.com/fall_out_bug/sdp-trace/internal/adaptercapture/adaptercapture_identity.go:34.48,36.2 1 1
github.com/fall_out_bug/sdp-trace/internal/adaptercapture/adaptercapture_model.go:3.56,6.42 1 1
github.com/fall_out_bug/sdp-trace/internal/adaptercapture/adaptercapture_model.go:6.42,7.43 1 1
github.com/fall_out_bug/sdp-trace/internal/adaptercapture/adaptercapture_model.go:7.43,10.4 1 0
github.com/fall_out_bug/sdp-trace/internal/adaptercapture/adaptercapture_model.go:12.2,12.28 1 1
github.com/fall_out_bug/sdp-trace/internal/adaptercapture/adaptercapture_model.go:12.28,15.3 1 0
github.com/fall_out_bug/sdp-trace/internal/adaptercapture/adaptercapture_model.go:16.2,16.150 1 1
github.com/fall_out_bug/sdp-trace/internal/adaptercapture/adaptercapture_model.go:19.73,21.2 1 1
github.com/fall_out_bug/sdp-trace/internal/adaptercapture/adaptercapture_model.go:23.74,25.2 1 1
github.com/fall_out_bug/sdp-trace/internal/adaptercapture/adaptercapture_overclaim_condition.go:3.52,6.54 1 1
github.com/fall_out_bug/sdp-trace/internal/adaptercapture/adaptercapture_overclaim_condition.go:6.54,9.3 1 1
github.com/fall_out_bug/sdp-trace/internal/adaptercapture/adaptercapture_overclaim_condition.go:10.2,10.47 1 1
github.com/fall_out_bug/sdp-trace/internal/adaptercapture/adaptercapture_overclaim_condition.go:10.47,13.3 1 1
github.com/fall_out_bug/sdp-trace/internal/adaptercapture/adaptercapture_overclaim_condition.go:14.2,14.138 1 1
github.com/fall_out_bug/sdp-trace/internal/adaptercapture/adaptercapture_overclaim_condition.go:17.64,21.36 1 1
github.com/fall_out_bug/sdp-trace/internal/adaptercapture/adaptercapture_overclaim_condition.go:21.36,22.37 1 1
github.com/fall_out_bug/sdp-trace/internal/adaptercapture/adaptercapture_overclaim_condition.go:22.37,25.4 1 1
github.com/fall_out_bug/sdp-trace/internal/adaptercapture/adaptercapture_overclaim_condition.go:27.2,27.14 1 1
github.com/fall_out_bug/sdp-trace/internal/adaptercapture/adaptercapture_overclaim_condition.go:30.57,34.31 1 1
github.com/fall_out_bug/sdp-trace/internal/adaptercapture/adaptercapture_overclaim_condition.go:34.31,35.36 1 1
github.com/fall_out_bug/sdp-trace/internal/adaptercapture/adaptercapture_overclaim_condition.go:35.36,38.4 1 1
github.com/fall_out_bug/sdp-trace/internal/adaptercapture/adaptercapture_overclaim_condition.go:40.2,40.14 1 1
github.com/fall_out_bug/sdp-trace/internal/adaptercapture/adaptercapture_overclaim_condition.go:43.59,47.2 1 1
github.com/fall_out_bug/sdp-trace/internal/adaptercapture/adaptercapture_overclaim_condition.go:49.61,51.2 1 1
github.com/fall_out_bug/sdp-trace/internal/adaptercapture/adaptercapture_overclaim_event_helpers.go:3.54,5.2 1 1
github.com/fall_out_bug/sdp-trace/internal/adaptercapture/adaptercapture_overclaim_event_helpers.go:7.56,9.2 1 1
github.com/fall_out_bug/sdp-trace/internal/adaptercapture/adaptercapture_provider_refs.go:3.55,6.49 1 1
github.com/fall_out_bug/sdp-trace/internal/adaptercapture/adaptercapture_provider_refs.go:6.49,9.3 1 0
github.com/fall_out_bug/sdp-trace/internal/adaptercapture/adaptercapture_provider_refs.go:10.2,10.63 1 1
github.com/fall_out_bug/sdp-trace/internal/adaptercapture/adaptercapture_provider_refs.go:10.63,13.3 1 1
github.com/fall_out_bug/sdp-trace/internal/adaptercapture/adaptercapture_provider_refs.go:14.2,14.116 1 1
github.com/fall_out_bug/sdp-trace/internal/adaptercapture/adaptercapture_provider_refs.go:17.57,21.27 1 1
github.com/fall_out_bug/sdp-trace/internal/adaptercapture/adaptercapture_provider_refs.go:21.27,22.37 1 1
github.com/fall_out_bug/sdp-trace/internal/adaptercapture/adaptercapture_provider_refs.go:22.37,25.4 1 0
github.com/fall_out_bug/sdp-trace/internal/adaptercapture/adaptercapture_provider_refs.go:27.2,27.14 1 1
github.com/fall_out_bug/sdp-trace/internal/adaptercapture/adaptercapture_provider_refs.go:30.73,34.31 1 1
github.com/fall_out_bug/sdp-trace/internal/adaptercapture/adaptercapture_provider_refs.go:34.31,35.44 1 1
github.com/fall_out_bug/sdp-trace/internal/adaptercapture/adaptercapture_provider_refs.go:35.44,38.4 1 1
github.com/fall_out_bug/sdp-trace/internal/adaptercapture/adaptercapture_provider_refs.go:40.2,40.14 1 1
github.com/fall_out_bug/sdp-trace/internal/adaptercapture/adaptercapture_provider_refs.go:43.54,45.2 1 1
github.com/fall_out_bug/sdp-trace/internal/adaptercapture/adaptercapture_provider_refs.go:47.62,49.2 1 1
github.com/fall_out_bug/sdp-trace/internal/adaptercapture/adaptercapture_redaction.go:3.60,6.42 1 1
github.com/fall_out_bug/sdp-trace/internal/adaptercapture/adaptercapture_redaction.go:6.42,7.84 1 1
github.com/fall_out_bug/sdp-trace/internal/adaptercapture/adaptercapture_redaction.go:7.84,10.4 1 1
github.com/fall_out_bug/sdp-trace/internal/adaptercapture/adaptercapture_redaction.go:12.2,12.151 1 1
github.com/fall_out_bug/sdp-trace/internal/adaptercapture/adaptercapture_redaction.go:15.71,19.42 1 1
github.com/fall_out_bug/sdp-trace/internal/adaptercapture/adaptercapture_redaction.go:19.42,22.3 1 1
github.com/fall_out_bug/sdp-trace/internal/adaptercapture/adaptercapture_redaction.go:23.2,23.45 1 1
github.com/fall_out_bug/sdp-trace/internal/adaptercapture/adaptercapture_redaction.go:23.45,26.3 1 1
github.com/fall_out_bug/sdp-trace/internal/adaptercapture/adaptercapture_redaction.go:27.2,27.36 1 1
github.com/fall_out_bug/sdp-trace/internal/adaptercapture/adaptercapture_redaction.go:27.36,30.3 1 1
github.com/fall_out_bug/sdp-trace/internal/adaptercapture/adaptercapture_redaction.go:31.2,31.20 1 1
github.com/fall_out_bug/sdp-trace/internal/adaptercapture/adaptercapture_redaction.go:34.61,39.2 1 1
github.com/fall_out_bug/sdp-trace/internal/adaptercapture/adaptercapture_redaction.go:41.64,43.2 1 1
github.com/fall_out_bug/sdp-trace/internal/adaptercapture/adaptercapture_redaction.go:45.55,47.2 1 1
github.com/fall_out_bug/sdp-trace/internal/adaptercapture/adaptercapture_result_lists.go:7.47,11.39 2 1
github.com/fall_out_bug/sdp-trace/internal/adaptercapture/adaptercapture_result_lists.go:11.39,12.35 1 1
github.com/fall_out_bug/sdp-trace/internal/adaptercapture/adaptercapture_result_lists.go:12.35,15.4 1 1
github.com/fall_out_bug/sdp-trace/internal/adaptercapture/adaptercapture_result_lists.go:17.2,18.12 2 1
github.com/fall_out_bug/sdp-trace/internal/adaptercapture/adaptercapture_result_lists.go:21.51,25.39 2 1
github.com/fall_out_bug/sdp-trace/internal/adaptercapture/adaptercapture_result_lists.go:25.39,28.3 1 1
github.com/fall_out_bug/sdp-trace/internal/adaptercapture/adaptercapture_result_lists.go:29.2,30.26 2 1
github.com/fall_out_bug/sdp-trace/internal/adaptercapture/adaptercapture_result_lists.go:30.26,32.3 1 1
github.com/fall_out_bug/sdp-trace/internal/adaptercapture/adaptercapture_result_lists.go:33.2,34.12 2 1
github.com/fall_out_bug/sdp-trace/internal/adaptercapture/adaptercapture_result_lists.go:37.62,41.64 1 1
github.com/fall_out_bug/sdp-trace/internal/adaptercapture/adaptercapture_result_lists.go:41.64,44.3 1 1
github.com/fall_out_bug/sdp-trace/internal/adaptercapture/adaptercapture_result_top.go:3.46,7.39 2 1
github.com/fall_out_bug/sdp-trace/internal/adaptercapture/adaptercapture_result_top.go:7.39,8.35 1 1
github.com/fall_out_bug/sdp-trace/internal/adaptercapture/adaptercapture_result_top.go:8.35,11.4 1 1
github.com/fall_out_bug/sdp-trace/internal/adaptercapture/adaptercapture_result_top.go:12.3,12.26 1 1
github.com/fall_out_bug/sdp-trace/internal/adaptercapture/adaptercapture_result_top.go:13.128,15.31 1 1
github.com/fall_out_bug/sdp-trace/internal/adaptercapture/adaptercapture_result_top.go:18.2,18.16 1 1
github.com/fall_out_bug/sdp-trace/internal/adaptercapture/adaptercapture_retention_modes.go:3.43,5.2 1 1
github.com/fall_out_bug/sdp-trace/internal/adaptercapture/adaptercapture_secret_helpers.go:7.54,11.31 1 1
github.com/fall_out_bug/sdp-trace/internal/adaptercapture/adaptercapture_secret_helpers.go:11.31,12.28 1 1
github.com/fall_out_bug/sdp-trace/internal/adaptercapture/adaptercapture_secret_helpers.go:12.28,15.4 1 1
github.com/fall_out_bug/sdp-trace/internal/adaptercapture/adaptercapture_secret_helpers.go:17.2,17.14 1 1
github.com/fall_out_bug/sdp-trace/internal/adaptercapture/adaptercapture_secret_helpers.go:20.46,22.2 1 1
github.com/fall_out_bug/sdp-trace/internal/adaptercapture/adaptercapture_secret_markers.go:3.40,7.17 1 1
github.com/fall_out_bug/sdp-trace/internal/adaptercapture/adaptercapture_secret_markers.go:7.17,9.3 1 1
github.com/fall_out_bug/sdp-trace/internal/adaptercapture/adaptercapture_secret_markers.go:11.2,11.39 1 1
github.com/fall_out_bug/sdp-trace/internal/adaptercapture/adaptercapture_secret_markers.go:11.39,12.34 1 1
github.com/fall_out_bug/sdp-trace/internal/adaptercapture/adaptercapture_secret_markers.go:12.34,15.4 1 1
github.com/fall_out_bug/sdp-trace/internal/adaptercapture/adaptercapture_secret_markers.go:17.2,17.14 1 1
github.com/fall_out_bug/sdp-trace/internal/adaptercapture/adaptercapture_sensitive_events.go:3.44,5.2 1 1
github.com/fall_out_bug/sdp-trace/internal/adaptercapture/adaptercapture_task.go:3.52,6.28 1 1
github.com/fall_out_bug/sdp-trace/internal/adaptercapture/adaptercapture_task.go:6.28,9.3 1 0
github.com/fall_out_bug/sdp-trace/internal/adaptercapture/adaptercapture_task.go:10.2,10.53 1 1
github.com/fall_out_bug/sdp-trace/internal/adaptercapture/adaptercapture_task.go:10.53,12.3 1 0
github.com/fall_out_bug/sdp-trace/internal/adaptercapture/adaptercapture_task.go:13.2,13.58 1 1
github.com/fall_out_bug/sdp-trace/internal/adaptercapture/adaptercapture_task.go:16.62,20.28 1 1
github.com/fall_out_bug/sdp-trace/internal/adaptercapture/adaptercapture_task.go:20.28,22.3 1 1
github.com/fall_out_bug/sdp-trace/internal/adaptercapture/adaptercapture_task.go:24.2,24.135 1 0
github.com/fall_out_bug/sdp-trace/internal/adaptercapture/adaptercapture_task.go:27.63,31.31 1 1
github.com/fall_out_bug/sdp-trace/internal/adaptercapture/adaptercapture_task.go:31.31,32.80 1 1
github.com/fall_out_bug/sdp-trace/internal/adaptercapture/adaptercapture_task.go:32.80,35.4 1 0
github.com/fall_out_bug/sdp-trace/internal/adaptercapture/adaptercapture_task.go:37.2,37.14 1 1
github.com/fall_out_bug/sdp-trace/internal/adaptercapture/adaptercapture_test_provenance_condition.go:3.57,6.69 1 1
github.com/fall_out_bug/sdp-trace/internal/adaptercapture/adaptercapture_test_provenance_condition.go:6.69,9.3 1 1
github.com/fall_out_bug/sdp-trace/internal/adaptercapture/adaptercapture_test_provenance_condition.go:10.2,10.39 1 0
github.com/fall_out_bug/sdp-trace/internal/adaptercapture/adaptercapture_test_provenance_condition.go:10.39,12.3 1 0
github.com/fall_out_bug/sdp-trace/internal/adaptercapture/adaptercapture_test_provenance_condition.go:13.2,13.116 1 0
github.com/fall_out_bug/sdp-trace/internal/adaptercapture/adaptercapture_test_provenance_condition.go:16.79,20.31 1 1
github.com/fall_out_bug/sdp-trace/internal/adaptercapture/adaptercapture_test_provenance_condition.go:20.31,21.35 1 1
github.com/fall_out_bug/sdp-trace/internal/adaptercapture/adaptercapture_test_provenance_condition.go:21.35,24.4 1 1
github.com/fall_out_bug/sdp-trace/internal/adaptercapture/adaptercapture_test_provenance_condition.go:26.2,26.30 1 0
github.com/fall_out_bug/sdp-trace/internal/adaptercapture/adaptercapture_test_provenance_condition.go:29.65,33.50 1 1
github.com/fall_out_bug/sdp-trace/internal/adaptercapture/adaptercapture_test_provenance_condition.go:33.50,35.3 1 1
github.com/fall_out_bug/sdp-trace/internal/adaptercapture/adaptercapture_test_provenance_condition.go:37.2,37.50 1 1
github.com/fall_out_bug/sdp-trace/internal/adaptercapture/adaptercapture_test_provenance_reported.go:3.71,8.30 1 1
github.com/fall_out_bug/sdp-trace/internal/adaptercapture/adaptercapture_test_provenance_reported.go:9.24,10.191 1 1
github.com/fall_out_bug/sdp-trace/internal/adaptercapture/adaptercapture_test_provenance_reported.go:11.26,12.194 1 1
github.com/fall_out_bug/sdp-trace/internal/adaptercapture/adaptercapture_test_provenance_reported.go:13.10,14.189 1 1
github.com/fall_out_bug/sdp-trace/internal/adaptercapture/adaptercapture_test_provenance_reported.go:18.53,20.2 1 1
github.com/fall_out_bug/sdp-trace/internal/adaptercapture/adaptercapture_test_provenance_reported.go:22.101,26.35 1 1
github.com/fall_out_bug/sdp-trace/internal/adaptercapture/adaptercapture_test_provenance_reported.go:26.35,29.3 1 1
github.com/fall_out_bug/sdp-trace/internal/adaptercapture/adaptercapture_test_provenance_reported.go:30.2,30.148 1 1
github.com/fall_out_bug/sdp-trace/internal/adaptercapture/adaptercapture_tool_file.go:3.52,6.80 1 1
github.com/fall_out_bug/sdp-trace/internal/adaptercapture/adaptercapture_tool_file.go:6.80,7.36 1 1
github.com/fall_out_bug/sdp-trace/internal/adaptercapture/adaptercapture_tool_file.go:7.36,10.4 1 0
github.com/fall_out_bug/sdp-trace/internal/adaptercapture/adaptercapture_tool_file.go:12.3,12.251 1 1
github.com/fall_out_bug/sdp-trace/internal/adaptercapture/adaptercapture_tool_file.go:14.2,14.127 1 1
github.com/fall_out_bug/sdp-trace/internal/adaptercapture/adaptercapture_tool_file.go:17.55,20.42 1 1
github.com/fall_out_bug/sdp-trace/internal/adaptercapture/adaptercapture_tool_file.go:20.42,21.44 1 1
github.com/fall_out_bug/sdp-trace/internal/adaptercapture/adaptercapture_tool_file.go:21.44,24.4 1 1
github.com/fall_out_bug/sdp-trace/internal/adaptercapture/adaptercapture_tool_file.go:26.2,26.141 1 1
github.com/fall_out_bug/sdp-trace/internal/adaptercapture/adaptercapture_tool_file.go:29.62,31.2 1 1
github.com/fall_out_bug/sdp-trace/internal/adaptercapture/adaptercapture_valid_event.go:3.103,10.37 3 1
github.com/fall_out_bug/sdp-trace/internal/adaptercapture/adaptercapture_valid_event.go:10.37,13.3 1 1
github.com/fall_out_bug/sdp-trace/internal/adaptercapture/adaptercapture_valid_event.go:14.2,14.14 1 1
github.com/fall_out_bug/sdp-trace/internal/adaptercapture/adaptercapture_valid_event_binding.go:3.69,15.2 7 1
github.com/fall_out_bug/sdp-trace/internal/adaptercapture/adaptercapture_valid_event_claims.go:3.65,13.2 5 1
github.com/fall_out_bug/sdp-trace/internal/adaptercapture/adaptercapture_valid_event_digest.go:3.50,5.2 1 1
github.com/fall_out_bug/sdp-trace/internal/adaptercapture/adaptercapture_valid_event_evidence.go:3.70,13.2 5 1
github.com/fall_out_bug/sdp-trace/internal/adaptercapture/adaptercapture_valid_event_identity.go:3.70,14.2 6 1
github.com/fall_out_bug/sdp-trace/internal/adaptercapture/adaptercapture_valid_event_seed.go:13.55,24.2 6 1
github.com/fall_out_bug/sdp-trace/internal/adaptercapture/adaptercapture_valid_input.go:5.29,7.2 1 0
github.com/fall_out_bug/sdp-trace/internal/adaptercapture/adaptercapture_valid_input.go:9.25,19.2 5 1
github.com/fall_out_bug/sdp-trace/internal/adaptercapture/adaptercapture_valid_input.go:21.72,31.2 5 1
github.com/fall_out_bug/sdp-trace/internal/adaptercapture/adaptercapture_valid_input.go:33.70,49.2 1 1
github.com/fall_out_bug/sdp-trace/internal/adaptercapture/adaptercapture_valid_input.go:51.41,53.2 1 1
github.com/fall_out_bug/sdp-trace/internal/adaptercapture/adaptercapture_valid_input.go:55.77,60.39 2 1
github.com/fall_out_bug/sdp-trace/internal/adaptercapture/adaptercapture_valid_input.go:60.39,63.3 1 1
github.com/fall_out_bug/sdp-trace/internal/adaptercapture/adaptercapture_valid_input.go:64.2,64.12 1 1
github.com/fall_out_bug/sdp-trace/internal/adaptercapture/adaptercapture_valid_refs.go:3.53,5.2 1 1
github.com/fall_out_bug/sdp-trace/internal/adaptercapture/adaptercapture_valid_refs.go:7.53,9.2 1 1
github.com/fall_out_bug/sdp-trace/internal/authority/authority.go:3.35,13.2 5 1
github.com/fall_out_bug/sdp-trace/internal/authority/authority_action_sort.go:8.71,14.38 2 1
github.com/fall_out_bug/sdp-trace/internal/authority/authority_action_sort.go:14.38,14.80 1 1
github.com/fall_out_bug/sdp-trace/internal/authority/authority_action_sort.go:15.2,15.12 1 1
github.com/fall_out_bug/sdp-trace/internal/authority/authority_action_sort.go:18.162,26.33 4 1
github.com/fall_out_bug/sdp-trace/internal/authority/authority_action_sort.go:26.33,30.3 2 1
github.com/fall_out_bug/sdp-trace/internal/authority/authority_action_sort.go:31.2,31.20 1 1
github.com/fall_out_bug/sdp-trace/internal/authority/authority_aggregate.go:3.80,7.35 1 1
github.com/fall_out_bug/sdp-trace/internal/authority/authority_aggregate.go:7.35,10.3 1 1
github.com/fall_out_bug/sdp-trace/internal/authority/authority_aggregate.go:11.2,11.27 1 1
github.com/fall_out_bug/sdp-trace/internal/authority/authority_aggregate.go:11.27,14.3 1 1
github.com/fall_out_bug/sdp-trace/internal/authority/authority_aggregate.go:15.2,16.14 2 1
github.com/fall_out_bug/sdp-trace/internal/authority/authority_aggregate.go:16.14,18.3 1 1
github.com/fall_out_bug/sdp-trace/internal/authority/authority_aggregate.go:19.2,19.35 1 1
github.com/fall_out_bug/sdp-trace/internal/authority/authority_aggregate.go:22.72,27.35 2 1
github.com/fall_out_bug/sdp-trace/internal/authority/authority_aggregate.go:27.35,29.31 2 1
github.com/fall_out_bug/sdp-trace/internal/authority/authority_aggregate.go:29.31,32.4 1 1
github.com/fall_out_bug/sdp-trace/internal/authority/authority_aggregate.go:34.2,34.20 1 1
github.com/fall_out_bug/sdp-trace/internal/authority/authority_approval.go:7.120,11.47 1 1
github.com/fall_out_bug/sdp-trace/internal/authority/authority_approval.go:11.47,13.90 1 1
github.com/fall_out_bug/sdp-trace/internal/authority/authority_approval.go:13.90,15.4 1 1
github.com/fall_out_bug/sdp-trace/internal/authority/authority_approval.go:17.2,17.11 1 1
github.com/fall_out_bug/sdp-trace/internal/authority/authority_approval.go:20.133,24.55 1 1
github.com/fall_out_bug/sdp-trace/internal/authority/authority_approval.go:24.55,26.3 1 0
github.com/fall_out_bug/sdp-trace/internal/authority/authority_approval.go:27.2,27.54 1 1
github.com/fall_out_bug/sdp-trace/internal/authority/authority_approval.go:27.54,30.3 1 1
github.com/fall_out_bug/sdp-trace/internal/authority/authority_approval.go:31.2,31.74 1 1
github.com/fall_out_bug/sdp-trace/internal/authority/authority_approval.go:34.102,37.2 1 1
github.com/fall_out_bug/sdp-trace/internal/authority/authority_attribution.go:7.58,11.45 1 1
github.com/fall_out_bug/sdp-trace/internal/authority/authority_attribution.go:11.45,14.3 1 1
github.com/fall_out_bug/sdp-trace/internal/authority/authority_attribution.go:15.2,15.27 1 1
github.com/fall_out_bug/sdp-trace/internal/authority/authority_attribution.go:16.63,18.29 1 1
github.com/fall_out_bug/sdp-trace/internal/authority/authority_attribution.go:19.10,20.32 1 1
github.com/fall_out_bug/sdp-trace/internal/authority/authority_binding_index.go:3.84,8.35 2 1
github.com/fall_out_bug/sdp-trace/internal/authority/authority_binding_index.go:8.35,12.3 2 1
github.com/fall_out_bug/sdp-trace/internal/authority/authority_binding_index.go:13.2,13.12 1 1
github.com/fall_out_bug/sdp-trace/internal/authority/authority_binding_index.go:16.88,20.35 1 1
github.com/fall_out_bug/sdp-trace/internal/authority/authority_binding_index.go:20.35,21.95 1 1
github.com/fall_out_bug/sdp-trace/internal/authority/authority_binding_index.go:21.95,24.4 1 1
github.com/fall_out_bug/sdp-trace/internal/authority/authority_binding_index.go:26.2,26.14 1 1
github.com/fall_out_bug/sdp-trace/internal/authority/authority_binding_index.go:29.59,33.35 1 1
github.com/fall_out_bug/sdp-trace/internal/authority/authority_binding_index.go:33.35,34.50 1 1
github.com/fall_out_bug/sdp-trace/internal/authority/authority_binding_index.go:34.50,37.4 1 1
github.com/fall_out_bug/sdp-trace/internal/authority/authority_binding_index.go:39.2,39.14 1 1
github.com/fall_out_bug/sdp-trace/internal/authority/authority_bindings_eval.go:7.98,12.33 2 1
github.com/fall_out_bug/sdp-trace/internal/authority/authority_bindings_eval.go:12.33,15.3 1 1
github.com/fall_out_bug/sdp-trace/internal/authority/authority_bindings_eval.go:16.2,17.31 2 1
github.com/fall_out_bug/sdp-trace/internal/authority/authority_bindings_eval.go:17.31,19.3 1 1
github.com/fall_out_bug/sdp-trace/internal/authority/authority_bindings_eval.go:20.2,20.38 1 1
github.com/fall_out_bug/sdp-trace/internal/authority/authority_bindings_eval.go:20.38,20.84 1 0
github.com/fall_out_bug/sdp-trace/internal/authority/authority_bindings_eval.go:21.2,21.12 1 1
github.com/fall_out_bug/sdp-trace/internal/authority/authority_bindings_eval.go:24.93,40.2 2 1
github.com/fall_out_bug/sdp-trace/internal/authority/authority_bindings_state.go:3.100,7.69 1 1
github.com/fall_out_bug/sdp-trace/internal/authority/authority_bindings_state.go:7.69,10.3 1 0
github.com/fall_out_bug/sdp-trace/internal/authority/authority_bindings_state.go:11.2,11.55 1 1
github.com/fall_out_bug/sdp-trace/internal/authority/authority_bindings_state.go:14.64,19.15 1 1
github.com/fall_out_bug/sdp-trace/internal/authority/authority_bindings_state.go:20.23,21.45 1 1
github.com/fall_out_bug/sdp-trace/internal/authority/authority_bindings_state.go:22.26,23.52 1 0
github.com/fall_out_bug/sdp-trace/internal/authority/authority_bindings_state.go:24.10,25.54 1 1
github.com/fall_out_bug/sdp-trace/internal/authority/authority_contains.go:3.52,7.31 1 1
github.com/fall_out_bug/sdp-trace/internal/authority/authority_contains.go:7.31,8.22 1 1
github.com/fall_out_bug/sdp-trace/internal/authority/authority_contains.go:8.22,11.4 1 1
github.com/fall_out_bug/sdp-trace/internal/authority/authority_contains.go:13.2,13.14 1 1
github.com/fall_out_bug/sdp-trace/internal/authority/authority_decision_apply.go:3.145,7.41 1 1
github.com/fall_out_bug/sdp-trace/internal/authority/authority_decision_apply.go:7.41,11.3 2 1
github.com/fall_out_bug/sdp-trace/internal/authority/authority_decision_apply.go:12.2,12.40 1 1
github.com/fall_out_bug/sdp-trace/internal/authority/authority_decision_apply.go:12.40,16.3 2 1
github.com/fall_out_bug/sdp-trace/internal/authority/authority_decision_apply.go:17.2,17.87 1 1
github.com/fall_out_bug/sdp-trace/internal/authority/authority_decision_apply.go:17.87,22.3 3 1
github.com/fall_out_bug/sdp-trace/internal/authority/authority_decision_apply.go:23.2,24.39 2 1
github.com/fall_out_bug/sdp-trace/internal/authority/authority_decision_apply.go:27.49,32.43 1 1
github.com/fall_out_bug/sdp-trace/internal/authority/authority_decision_apply.go:32.43,34.3 1 1
github.com/fall_out_bug/sdp-trace/internal/authority/authority_decision_apply.go:35.2,35.26 1 0
github.com/fall_out_bug/sdp-trace/internal/authority/authority_envelope_select.go:7.70,12.20 2 1
github.com/fall_out_bug/sdp-trace/internal/authority/authority_envelope_select.go:12.20,15.3 1 1
github.com/fall_out_bug/sdp-trace/internal/authority/authority_envelope_select.go:16.2,16.84 1 1
github.com/fall_out_bug/sdp-trace/internal/authority/authority_envelope_select.go:19.94,24.22 1 1
github.com/fall_out_bug/sdp-trace/internal/authority/authority_envelope_select.go:25.9,26.76 1 1
github.com/fall_out_bug/sdp-trace/internal/authority/authority_envelope_select.go:27.9,28.38 1 1
github.com/fall_out_bug/sdp-trace/internal/authority/authority_envelope_select.go:29.10,30.68 1 1
github.com/fall_out_bug/sdp-trace/internal/authority/authority_envelope_select.go:34.92,39.32 2 1
github.com/fall_out_bug/sdp-trace/internal/authority/authority_envelope_select.go:39.32,41.31 1 1
github.com/fall_out_bug/sdp-trace/internal/authority/authority_envelope_select.go:41.31,43.4 1 1
github.com/fall_out_bug/sdp-trace/internal/authority/authority_envelope_select.go:45.2,45.16 1 1
github.com/fall_out_bug/sdp-trace/internal/authority/authority_envelope_select.go:48.82,52.51 1 1
github.com/fall_out_bug/sdp-trace/internal/authority/authority_envelope_select.go:52.51,55.3 1 1
github.com/fall_out_bug/sdp-trace/internal/authority/authority_envelope_select.go:56.2,56.20 1 1
github.com/fall_out_bug/sdp-trace/internal/authority/authority_envelope_validate.go:3.53,7.66 1 1
github.com/fall_out_bug/sdp-trace/internal/authority/authority_envelope_validate.go:7.66,10.3 1 1
github.com/fall_out_bug/sdp-trace/internal/authority/authority_envelope_validate.go:11.2,15.3 1 1
github.com/fall_out_bug/sdp-trace/internal/authority/authority_envelope_validate.go:18.44,22.33 1 1
github.com/fall_out_bug/sdp-trace/internal/authority/authority_envelope_validate.go:22.33,23.19 1 1
github.com/fall_out_bug/sdp-trace/internal/authority/authority_envelope_validate.go:23.19,26.4 1 1
github.com/fall_out_bug/sdp-trace/internal/authority/authority_envelope_validate.go:28.2,28.11 1 1
github.com/fall_out_bug/sdp-trace/internal/authority/authority_evaluation.go:3.217,10.98 3 1
github.com/fall_out_bug/sdp-trace/internal/authority/authority_evaluation.go:10.98,12.3 1 1
github.com/fall_out_bug/sdp-trace/internal/authority/authority_evaluation.go:13.2,16.13 4 1
github.com/fall_out_bug/sdp-trace/internal/authority/authority_evaluation.go:19.144,27.2 3 1
github.com/fall_out_bug/sdp-trace/internal/authority/authority_evaluation.go:29.112,46.2 1 1
github.com/fall_out_bug/sdp-trace/internal/authority/authority_evaluation.go:48.113,52.68 1 1
github.com/fall_out_bug/sdp-trace/internal/authority/authority_evaluation.go:52.68,55.3 1 1
github.com/fall_out_bug/sdp-trace/internal/authority/authority_evaluation.go:56.2,56.54 1 1
github.com/fall_out_bug/sdp-trace/internal/authority/authority_evaluation.go:56.54,59.3 1 1
github.com/fall_out_bug/sdp-trace/internal/authority/authority_event_set_validation.go:3.56,13.2 1 1
github.com/fall_out_bug/sdp-trace/internal/authority/authority_event_set_validation.go:15.53,19.31 1 1
github.com/fall_out_bug/sdp-trace/internal/authority/authority_event_set_validation.go:19.31,20.29 1 1
github.com/fall_out_bug/sdp-trace/internal/authority/authority_event_set_validation.go:20.29,23.4 1 1
github.com/fall_out_bug/sdp-trace/internal/authority/authority_event_set_validation.go:25.2,25.11 1 1
github.com/fall_out_bug/sdp-trace/internal/authority/authority_event_set_validation.go:28.63,32.41 1 1
github.com/fall_out_bug/sdp-trace/internal/authority/authority_event_set_validation.go:32.41,35.3 1 1
github.com/fall_out_bug/sdp-trace/internal/authority/authority_event_set_validation.go:36.2,36.11 1 1
github.com/fall_out_bug/sdp-trace/internal/authority/authority_event_type.go:7.40,9.2 1 1
github.com/fall_out_bug/sdp-trace/internal/authority/authority_evidence_refs_reason.go:7.77,11.20 1 1
github.com/fall_out_bug/sdp-trace/internal/authority/authority_evidence_refs_reason.go:11.20,14.3 1 1
github.com/fall_out_bug/sdp-trace/internal/authority/authority_evidence_refs_reason.go:15.2,15.27 1 1
github.com/fall_out_bug/sdp-trace/internal/authority/authority_evidence_refs_reason.go:15.27,17.70 1 1
github.com/fall_out_bug/sdp-trace/internal/authority/authority_evidence_refs_reason.go:17.70,19.4 1 1
github.com/fall_out_bug/sdp-trace/internal/authority/authority_evidence_refs_reason.go:21.2,21.11 1 1
github.com/fall_out_bug/sdp-trace/internal/authority/authority_evidence_refs_reason.go:24.62,28.31 1 1
github.com/fall_out_bug/sdp-trace/internal/authority/authority_evidence_refs_reason.go:28.31,31.3 1 1
github.com/fall_out_bug/sdp-trace/internal/authority/authority_evidence_refs_reason.go:32.2,32.64 1 1
github.com/fall_out_bug/sdp-trace/internal/authority/authority_evidence_refs_reason.go:32.64,35.3 1 1
github.com/fall_out_bug/sdp-trace/internal/authority/authority_evidence_refs_reason.go:36.2,36.52 1 1
github.com/fall_out_bug/sdp-trace/internal/authority/authority_evidence_refs_reason.go:36.52,38.3 1 1
github.com/fall_out_bug/sdp-trace/internal/authority/authority_evidence_refs_reason.go:39.2,39.11 1 1
github.com/fall_out_bug/sdp-trace/internal/authority/authority_evidence_refs_reason.go:42.44,44.2 1 1
github.com/fall_out_bug/sdp-trace/internal/authority/authority_evidence_refs_reason.go:46.72,48.2 1 1
github.com/fall_out_bug/sdp-trace/internal/authority/authority_evidence_resolution_index.go:3.74,14.2 6 1
github.com/fall_out_bug/sdp-trace/internal/authority/authority_evidence_resolution_index.go:16.80,20.27 1 1
github.com/fall_out_bug/sdp-trace/internal/authority/authority_evidence_resolution_index.go:20.27,23.3 1 1
github.com/fall_out_bug/sdp-trace/internal/authority/authority_io.go:8.48,15.16 3 1
github.com/fall_out_bug/sdp-trace/internal/authority/authority_io.go:15.16,17.3 1 0
github.com/fall_out_bug/sdp-trace/internal/authority/authority_io.go:18.2,18.50 1 1
github.com/fall_out_bug/sdp-trace/internal/authority/authority_io.go:18.50,20.3 1 0
github.com/fall_out_bug/sdp-trace/internal/authority/authority_io.go:21.2,21.17 1 1
github.com/fall_out_bug/sdp-trace/internal/authority/authority_io.go:24.46,30.16 2 1
github.com/fall_out_bug/sdp-trace/internal/authority/authority_io.go:30.16,32.3 1 0
github.com/fall_out_bug/sdp-trace/internal/authority/authority_io.go:33.2,34.39 2 1
github.com/fall_out_bug/sdp-trace/internal/authority/authority_match_decision.go:3.78,10.39 3 1
github.com/fall_out_bug/sdp-trace/internal/authority/authority_match_decision.go:10.39,12.10 2 1
github.com/fall_out_bug/sdp-trace/internal/authority/authority_match_decision.go:12.10,13.12 1 1
github.com/fall_out_bug/sdp-trace/internal/authority/authority_match_decision.go:15.3,15.60 1 1
github.com/fall_out_bug/sdp-trace/internal/authority/authority_match_decision.go:15.60,18.4 1 1
github.com/fall_out_bug/sdp-trace/internal/authority/authority_match_decision.go:19.3,20.16 2 1
github.com/fall_out_bug/sdp-trace/internal/authority/authority_match_decision.go:22.2,22.15 1 1
github.com/fall_out_bug/sdp-trace/internal/authority/authority_next_actions.go:3.42,7.82 1 1
github.com/fall_out_bug/sdp-trace/internal/authority/authority_next_actions.go:7.82,9.3 1 1
github.com/fall_out_bug/sdp-trace/internal/authority/authority_next_actions.go:11.2,11.84 1 1
github.com/fall_out_bug/sdp-trace/internal/authority/authority_predecision_blockers.go:3.200,9.18 2 1
github.com/fall_out_bug/sdp-trace/internal/authority/authority_predecision_blockers.go:9.18,11.3 1 1
github.com/fall_out_bug/sdp-trace/internal/authority/authority_predecision_blockers.go:12.2,14.13 3 1
github.com/fall_out_bug/sdp-trace/internal/authority/authority_predecision_blockers.go:17.179,21.20 1 1
github.com/fall_out_bug/sdp-trace/internal/authority/authority_predecision_blockers.go:21.20,24.3 1 1
github.com/fall_out_bug/sdp-trace/internal/authority/authority_predecision_blockers.go:25.2,25.39 1 1
github.com/fall_out_bug/sdp-trace/internal/authority/authority_predecision_blockers.go:25.39,28.3 1 1
github.com/fall_out_bug/sdp-trace/internal/authority/authority_predecision_blockers.go:29.2,29.94 1 1
github.com/fall_out_bug/sdp-trace/internal/authority/authority_predecision_blockers.go:29.94,31.3 1 1
github.com/fall_out_bug/sdp-trace/internal/authority/authority_predecision_blockers.go:32.2,32.15 1 1
github.com/fall_out_bug/sdp-trace/internal/authority/authority_predecision_reasons.go:3.150,7.65 1 1
github.com/fall_out_bug/sdp-trace/internal/authority/authority_predecision_reasons.go:7.65,10.3 1 1
github.com/fall_out_bug/sdp-trace/internal/authority/authority_predecision_reasons.go:11.2,11.81 1 1
github.com/fall_out_bug/sdp-trace/internal/authority/authority_predecision_reasons.go:11.81,13.3 1 1
github.com/fall_out_bug/sdp-trace/internal/authority/authority_predecision_reasons.go:14.2,14.40 1 1
github.com/fall_out_bug/sdp-trace/internal/authority/authority_predecision_reasons.go:14.40,17.3 1 1
github.com/fall_out_bug/sdp-trace/internal/authority/authority_predecision_reasons.go:18.2,18.15 1 1
github.com/fall_out_bug/sdp-trace/internal/authority/authority_predecision_reasons.go:21.85,25.40 1 1
github.com/fall_out_bug/sdp-trace/internal/authority/authority_predecision_reasons.go:25.40,28.3 1 0
github.com/fall_out_bug/sdp-trace/internal/authority/authority_predecision_reasons.go:29.2,29.25 1 1
github.com/fall_out_bug/sdp-trace/internal/authority/authority_predecision_reasons.go:29.25,32.3 1 1
github.com/fall_out_bug/sdp-trace/internal/authority/authority_predecision_reasons.go:33.2,33.33 1 1
github.com/fall_out_bug/sdp-trace/internal/authority/authority_predecision_reasons.go:33.33,35.3 1 1
github.com/fall_out_bug/sdp-trace/internal/authority/authority_predecision_reasons.go:36.2,36.15 1 1
github.com/fall_out_bug/sdp-trace/internal/authority/authority_reasons.go:3.44,8.42 2 1
github.com/fall_out_bug/sdp-trace/internal/authority/authority_reasons.go:8.42,11.3 1 1
github.com/fall_out_bug/sdp-trace/internal/authority/authority_reasons.go:12.2,12.52 1 1
github.com/fall_out_bug/sdp-trace/internal/authority/authority_reasons.go:12.52,14.3 1 1
github.com/fall_out_bug/sdp-trace/internal/authority/authority_reasons.go:15.2,15.25 1 1
github.com/fall_out_bug/sdp-trace/internal/authority/authority_reasons.go:18.58,19.16 1 1
github.com/fall_out_bug/sdp-trace/internal/authority/authority_reasons.go:19.16,21.3 1 1
github.com/fall_out_bug/sdp-trace/internal/authority/authority_result.go:7.148,25.2 4 1
github.com/fall_out_bug/sdp-trace/internal/authority/authority_source_coverage.go:3.59,8.53 2 1
github.com/fall_out_bug/sdp-trace/internal/authority/authority_source_coverage.go:8.53,11.3 1 1
github.com/fall_out_bug/sdp-trace/internal/authority/authority_source_coverage.go:12.2,12.52 1 1
github.com/fall_out_bug/sdp-trace/internal/authority/authority_source_coverage.go:12.52,15.3 1 1
github.com/fall_out_bug/sdp-trace/internal/authority/authority_source_coverage.go:16.2,16.53 1 1
github.com/fall_out_bug/sdp-trace/internal/authority/authority_source_coverage.go:16.53,19.3 1 1
github.com/fall_out_bug/sdp-trace/internal/authority/authority_source_coverage.go:20.2,20.16 1 1
github.com/fall_out_bug/sdp-trace/internal/authority/authority_source_coverage.go:23.56,28.33 2 1
github.com/fall_out_bug/sdp-trace/internal/authority/authority_source_coverage.go:28.33,31.3 1 1
github.com/fall_out_bug/sdp-trace/internal/authority/authority_source_coverage.go:32.2,32.31 1 1
github.com/fall_out_bug/sdp-trace/internal/authority/authority_source_coverage.go:35.39,40.27 2 1
github.com/fall_out_bug/sdp-trace/internal/authority/authority_source_coverage.go:40.27,41.80 1 1
github.com/fall_out_bug/sdp-trace/internal/authority/authority_source_coverage.go:41.80,44.4 1 1
github.com/fall_out_bug/sdp-trace/internal/authority/authority_source_coverage.go:46.2,46.12 1 1
github.com/fall_out_bug/sdp-trace/internal/authority/authority_string_sets.go:8.46,14.31 3 1
github.com/fall_out_bug/sdp-trace/internal/authority/authority_string_sets.go:14.31,16.33 2 1
github.com/fall_out_bug/sdp-trace/internal/authority/authority_string_sets.go:16.33,18.12 1 0
github.com/fall_out_bug/sdp-trace/internal/authority/authority_string_sets.go:20.3,21.27 2 1
github.com/fall_out_bug/sdp-trace/internal/authority/authority_string_sets.go:24.2,25.12 2 1
github.com/fall_out_bug/sdp-trace/internal/authority/authority_string_sets.go:28.47,33.26 2 1
github.com/fall_out_bug/sdp-trace/internal/authority/authority_string_sets.go:33.26,36.3 1 1
github.com/fall_out_bug/sdp-trace/internal/authority/authority_string_sets.go:37.2,38.12 2 1
github.com/fall_out_bug/sdp-trace/internal/authority/authority_target_conflicts.go:3.48,7.40 1 1
github.com/fall_out_bug/sdp-trace/internal/authority/authority_target_conflicts.go:7.40,10.3 1 1
github.com/fall_out_bug/sdp-trace/internal/authority/authority_target_conflicts.go:11.2,11.92 1 1
github.com/fall_out_bug/sdp-trace/internal/authority/authority_target_conflicts.go:14.76,16.2 1 1
github.com/fall_out_bug/sdp-trace/internal/authority/authority_target_conflicts.go:18.52,22.29 1 1
github.com/fall_out_bug/sdp-trace/internal/authority/authority_target_conflicts.go:22.29,23.29 1 1
github.com/fall_out_bug/sdp-trace/internal/authority/authority_target_conflicts.go:23.29,26.4 1 1
github.com/fall_out_bug/sdp-trace/internal/authority/authority_target_conflicts.go:28.2,28.14 1 1
github.com/fall_out_bug/sdp-trace/internal/authority/authority_target_match.go:9.49,13.35 1 1
github.com/fall_out_bug/sdp-trace/internal/authority/authority_target_match.go:13.35,16.3 1 1
github.com/fall_out_bug/sdp-trace/internal/authority/authority_target_match.go:17.2,17.38 1 1
github.com/fall_out_bug/sdp-trace/internal/authority/authority_target_match.go:17.38,20.3 1 1
github.com/fall_out_bug/sdp-trace/internal/authority/authority_target_match.go:21.2,21.46 1 1
github.com/fall_out_bug/sdp-trace/internal/authority/authority_target_match.go:24.47,27.2 2 1
github.com/fall_out_bug/sdp-trace/internal/authority/authority_target_match.go:29.56,39.2 5 1
github.com/fall_out_bug/sdp-trace/internal/authority/authority_target_overlap_validation.go:3.59,7.23 1 1
github.com/fall_out_bug/sdp-trace/internal/authority/authority_target_overlap_validation.go:7.23,9.56 1 1
github.com/fall_out_bug/sdp-trace/internal/authority/authority_target_overlap_validation.go:9.56,11.4 1 1
github.com/fall_out_bug/sdp-trace/internal/authority/authority_target_overlap_validation.go:13.2,13.11 1 1
github.com/fall_out_bug/sdp-trace/internal/authority/authority_target_overlap_validation.go:16.76,20.31 1 1
github.com/fall_out_bug/sdp-trace/internal/authority/authority_target_overlap_validation.go:20.31,21.39 1 1
github.com/fall_out_bug/sdp-trace/internal/authority/authority_target_overlap_validation.go:21.39,24.4 1 1
github.com/fall_out_bug/sdp-trace/internal/authority/authority_target_overlap_validation.go:26.2,26.14 1 1
github.com/fall_out_bug/sdp-trace/internal/authority/authority_target_rule_validation.go:3.56,7.39 1 1
github.com/fall_out_bug/sdp-trace/internal/authority/authority_target_rule_validation.go:7.39,9.60 1 1
github.com/fall_out_bug/sdp-trace/internal/authority/authority_target_rule_validation.go:9.60,11.4 1 1
github.com/fall_out_bug/sdp-trace/internal/authority/authority_target_rule_validation.go:13.2,13.11 1 1
github.com/fall_out_bug/sdp-trace/internal/authority/authority_target_rule_validation.go:16.72,20.31 1 1
github.com/fall_out_bug/sdp-trace/internal/authority/authority_target_rule_validation.go:20.31,23.3 1 1
github.com/fall_out_bug/sdp-trace/internal/authority/authority_target_rule_validation.go:24.2,24.67 1 1
github.com/fall_out_bug/sdp-trace/internal/authority/authority_target_rule_validation.go:24.67,27.3 1 1
github.com/fall_out_bug/sdp-trace/internal/authority/authority_target_rule_validation.go:28.2,28.48 1 1
github.com/fall_out_bug/sdp-trace/internal/authority/authority_target_rule_validation.go:28.48,30.3 1 1
github.com/fall_out_bug/sdp-trace/internal/authority/authority_target_rule_validation.go:31.2,31.11 1 1
github.com/fall_out_bug/sdp-trace/internal/authority/authority_target_rule_validation.go:34.48,36.2 1 1
github.com/fall_out_bug/sdp-trace/internal/authority/authority_target_rule_validation.go:38.83,41.2 1 1
github.com/fall_out_bug/sdp-trace/internal/authority/authority_top_level_decision.go:3.81,7.50 1 1
github.com/fall_out_bug/sdp-trace/internal/authority/authority_top_level_decision.go:7.50,10.3 1 0
github.com/fall_out_bug/sdp-trace/internal/authority/authority_top_level_decision.go:11.2,11.51 1 1
github.com/fall_out_bug/sdp-trace/internal/authority/authority_top_level_decision.go:11.51,14.3 1 1
github.com/fall_out_bug/sdp-trace/internal/authority/authority_top_level_decision.go:15.2,15.89 1 1
github.com/fall_out_bug/sdp-trace/internal/authority/authority_top_level_decision.go:18.93,22.55 1 1
github.com/fall_out_bug/sdp-trace/internal/authority/authority_top_level_decision.go:22.55,25.3 1 1
github.com/fall_out_bug/sdp-trace/internal/authority/authority_top_level_decision.go:26.2,26.51 1 1
github.com/fall_out_bug/sdp-trace/internal/authority/authority_top_level_decision.go:26.51,29.3 1 1
github.com/fall_out_bug/sdp-trace/internal/authority/authority_top_level_decision.go:30.2,30.52 1 1
github.com/fall_out_bug/sdp-trace/internal/authority/authority_top_level_decision.go:30.52,33.3 1 1
github.com/fall_out_bug/sdp-trace/internal/authority/authority_top_level_decision.go:34.2,34.33 1 0
github.com/fall_out_bug/sdp-trace/internal/authority/authority_top_level_decision.go:37.55,40.2 1 1
github.com/fall_out_bug/sdp-trace/internal/ciartifact/ciartifact.go:3.52,14.2 6 1
github.com/fall_out_bug/sdp-trace/internal/ciartifact/ciartifact_access_binding_states.go:3.43,7.30 1 1
github.com/fall_out_bug/sdp-trace/internal/ciartifact/ciartifact_access_binding_states.go:7.30,9.3 1 1
github.com/fall_out_bug/sdp-trace/internal/ciartifact/ciartifact_access_binding_states.go:11.2,11.27 1 1
github.com/fall_out_bug/sdp-trace/internal/ciartifact/ciartifact_access_binding_states.go:26.44,30.31 1 1
github.com/fall_out_bug/sdp-trace/internal/ciartifact/ciartifact_access_binding_states.go:30.31,32.3 1 1
github.com/fall_out_bug/sdp-trace/internal/ciartifact/ciartifact_access_binding_states.go:34.2,34.28 1 0
github.com/fall_out_bug/sdp-trace/internal/ciartifact/ciartifact_actions.go:3.138,13.2 6 1
github.com/fall_out_bug/sdp-trace/internal/ciartifact/ciartifact_actions.go:15.74,19.34 1 1
github.com/fall_out_bug/sdp-trace/internal/ciartifact/ciartifact_actions.go:19.34,22.3 1 1
github.com/fall_out_bug/sdp-trace/internal/ciartifact/ciartifact_actions.go:25.77,26.13 1 1
github.com/fall_out_bug/sdp-trace/internal/ciartifact/ciartifact_actions.go:26.13,29.3 1 1
github.com/fall_out_bug/sdp-trace/internal/ciartifact/ciartifact_actions.go:32.43,34.2 1 1
github.com/fall_out_bug/sdp-trace/internal/ciartifact/ciartifact_aggregate_values.go:3.66,8.34 2 1
github.com/fall_out_bug/sdp-trace/internal/ciartifact/ciartifact_aggregate_values.go:8.34,9.22 1 1
github.com/fall_out_bug/sdp-trace/internal/ciartifact/ciartifact_aggregate_values.go:9.22,12.4 1 1
github.com/fall_out_bug/sdp-trace/internal/ciartifact/ciartifact_aggregate_values.go:14.2,14.44 1 1
github.com/fall_out_bug/sdp-trace/internal/ciartifact/ciartifact_aggregate_values.go:17.64,22.34 2 1
github.com/fall_out_bug/sdp-trace/internal/ciartifact/ciartifact_aggregate_values.go:22.34,23.22 1 1
github.com/fall_out_bug/sdp-trace/internal/ciartifact/ciartifact_aggregate_values.go:23.22,26.4 1 1
github.com/fall_out_bug/sdp-trace/internal/ciartifact/ciartifact_aggregate_values.go:28.2,28.42 1 1
github.com/fall_out_bug/sdp-trace/internal/ciartifact/ciartifact_aggregate_values.go:31.58,34.19 1 1
github.com/fall_out_bug/sdp-trace/internal/ciartifact/ciartifact_aggregate_values.go:34.19,37.3 1 1
github.com/fall_out_bug/sdp-trace/internal/ciartifact/ciartifact_aggregate_values.go:38.2,38.19 1 1
github.com/fall_out_bug/sdp-trace/internal/ciartifact/ciartifact_aggregate_values.go:38.19,39.26 1 1
github.com/fall_out_bug/sdp-trace/internal/ciartifact/ciartifact_aggregate_values.go:39.26,42.4 1 1
github.com/fall_out_bug/sdp-trace/internal/ciartifact/ciartifact_aggregate_values.go:45.2,45.16 1 1
github.com/fall_out_bug/sdp-trace/internal/ciartifact/ciartifact_authority_reasons.go:3.51,7.55 1 1
github.com/fall_out_bug/sdp-trace/internal/ciartifact/ciartifact_authority_reasons.go:7.55,9.3 1 1
github.com/fall_out_bug/sdp-trace/internal/ciartifact/ciartifact_authority_reasons.go:11.2,11.41 1 0
github.com/fall_out_bug/sdp-trace/internal/ciartifact/ciartifact_bindings.go:3.66,9.34 3 1
github.com/fall_out_bug/sdp-trace/internal/ciartifact/ciartifact_bindings.go:9.34,10.23 1 1
github.com/fall_out_bug/sdp-trace/internal/ciartifact/ciartifact_bindings.go:10.23,12.12 1 0
github.com/fall_out_bug/sdp-trace/internal/ciartifact/ciartifact_bindings.go:14.3,15.66 2 1
github.com/fall_out_bug/sdp-trace/internal/ciartifact/ciartifact_bindings.go:17.2,17.114 1 1
github.com/fall_out_bug/sdp-trace/internal/ciartifact/ciartifact_bindings.go:20.60,24.97 1 1
github.com/fall_out_bug/sdp-trace/internal/ciartifact/ciartifact_bindings.go:24.97,27.3 1 1
github.com/fall_out_bug/sdp-trace/internal/ciartifact/ciartifact_bindings.go:28.2,28.23 1 1
github.com/fall_out_bug/sdp-trace/internal/ciartifact/ciartifact_bindings.go:31.53,35.51 1 1
github.com/fall_out_bug/sdp-trace/internal/ciartifact/ciartifact_bindings.go:35.51,38.3 1 1
github.com/fall_out_bug/sdp-trace/internal/ciartifact/ciartifact_bindings.go:39.2,39.16 1 1
github.com/fall_out_bug/sdp-trace/internal/ciartifact/ciartifact_bindings.go:42.36,46.41 1 1
github.com/fall_out_bug/sdp-trace/internal/ciartifact/ciartifact_bindings.go:46.41,48.3 1 1
github.com/fall_out_bug/sdp-trace/internal/ciartifact/ciartifact_bindings.go:50.2,50.10 1 1
github.com/fall_out_bug/sdp-trace/internal/ciartifact/ciartifact_families.go:3.100,9.55 3 1
github.com/fall_out_bug/sdp-trace/internal/ciartifact/ciartifact_families.go:9.55,11.3 1 0
github.com/fall_out_bug/sdp-trace/internal/ciartifact/ciartifact_families.go:12.2,12.12 1 1
github.com/fall_out_bug/sdp-trace/internal/ciartifact/ciartifact_family_apply.go:3.71,7.46 1 1
github.com/fall_out_bug/sdp-trace/internal/ciartifact/ciartifact_family_apply.go:7.46,10.3 1 1
github.com/fall_out_bug/sdp-trace/internal/ciartifact/ciartifact_family_apply.go:11.2,11.40 1 1
github.com/fall_out_bug/sdp-trace/internal/ciartifact/ciartifact_family_apply.go:14.101,20.49 3 1
github.com/fall_out_bug/sdp-trace/internal/ciartifact/ciartifact_family_apply.go:20.49,23.3 1 1
github.com/fall_out_bug/sdp-trace/internal/ciartifact/ciartifact_family_apply.go:25.2,26.13 2 1
github.com/fall_out_bug/sdp-trace/internal/ciartifact/ciartifact_family_apply.go:29.68,33.48 1 1
github.com/fall_out_bug/sdp-trace/internal/ciartifact/ciartifact_family_apply.go:33.48,36.3 1 1
github.com/fall_out_bug/sdp-trace/internal/ciartifact/ciartifact_family_apply.go:39.72,48.2 4 1
github.com/fall_out_bug/sdp-trace/internal/ciartifact/ciartifact_family_eval.go:3.96,9.15 3 1
github.com/fall_out_bug/sdp-trace/internal/ciartifact/ciartifact_family_eval.go:9.15,12.3 1 1
github.com/fall_out_bug/sdp-trace/internal/ciartifact/ciartifact_family_eval.go:13.2,14.46 2 1
github.com/fall_out_bug/sdp-trace/internal/ciartifact/ciartifact_family_eval.go:14.46,17.3 1 1
github.com/fall_out_bug/sdp-trace/internal/ciartifact/ciartifact_family_eval.go:18.2,18.85 1 1
github.com/fall_out_bug/sdp-trace/internal/ciartifact/ciartifact_family_eval.go:18.85,21.3 1 1
github.com/fall_out_bug/sdp-trace/internal/ciartifact/ciartifact_family_eval.go:22.2,23.15 2 1
github.com/fall_out_bug/sdp-trace/internal/ciartifact/ciartifact_family_eval.go:32.54,42.2 1 1
github.com/fall_out_bug/sdp-trace/internal/ciartifact/ciartifact_family_eval.go:44.60,53.2 4 1
github.com/fall_out_bug/sdp-trace/internal/ciartifact/ciartifact_family_initial.go:3.50,7.37 1 1
github.com/fall_out_bug/sdp-trace/internal/ciartifact/ciartifact_family_initial.go:7.37,10.3 1 1
github.com/fall_out_bug/sdp-trace/internal/ciartifact/ciartifact_family_initial.go:11.2,11.51 1 1
github.com/fall_out_bug/sdp-trace/internal/ciartifact/ciartifact_family_initial.go:14.51,18.30 1 1
github.com/fall_out_bug/sdp-trace/internal/ciartifact/ciartifact_family_initial.go:18.30,21.3 1 1
github.com/fall_out_bug/sdp-trace/internal/ciartifact/ciartifact_family_initial.go:22.2,22.45 1 1
github.com/fall_out_bug/sdp-trace/internal/ciartifact/ciartifact_family_initial.go:25.140,30.18 2 1
github.com/fall_out_bug/sdp-trace/internal/ciartifact/ciartifact_family_initial.go:30.18,33.3 1 1
github.com/fall_out_bug/sdp-trace/internal/ciartifact/ciartifact_family_initial.go:35.2,45.3 1 1
github.com/fall_out_bug/sdp-trace/internal/ciartifact/ciartifact_family_names.go:5.44,10.23 2 1
github.com/fall_out_bug/sdp-trace/internal/ciartifact/ciartifact_family_names.go:10.23,13.3 1 0
github.com/fall_out_bug/sdp-trace/internal/ciartifact/ciartifact_family_names.go:14.2,14.15 1 1
github.com/fall_out_bug/sdp-trace/internal/ciartifact/ciartifact_family_names.go:17.38,19.2 1 1
github.com/fall_out_bug/sdp-trace/internal/ciartifact/ciartifact_family_names.go:21.45,25.32 1 1
github.com/fall_out_bug/sdp-trace/internal/ciartifact/ciartifact_family_names.go:25.32,27.3 1 1
github.com/fall_out_bug/sdp-trace/internal/ciartifact/ciartifact_family_names.go:29.2,29.28 1 1
github.com/fall_out_bug/sdp-trace/internal/ciartifact/ciartifact_family_observed.go:3.68,7.31 2 1
github.com/fall_out_bug/sdp-trace/internal/ciartifact/ciartifact_family_observed.go:7.31,10.33 2 1
github.com/fall_out_bug/sdp-trace/internal/ciartifact/ciartifact_family_observed.go:10.33,11.12 1 1
github.com/fall_out_bug/sdp-trace/internal/ciartifact/ciartifact_family_observed.go:13.3,17.33 4 1
github.com/fall_out_bug/sdp-trace/internal/ciartifact/ciartifact_family_observed.go:19.2,19.17 1 1
github.com/fall_out_bug/sdp-trace/internal/ciartifact/ciartifact_family_required.go:5.140,11.37 3 1
github.com/fall_out_bug/sdp-trace/internal/ciartifact/ciartifact_family_required.go:11.37,12.34 1 1
github.com/fall_out_bug/sdp-trace/internal/ciartifact/ciartifact_family_required.go:12.34,15.4 2 1
github.com/fall_out_bug/sdp-trace/internal/ciartifact/ciartifact_family_required.go:17.2,17.18 1 1
github.com/fall_out_bug/sdp-trace/internal/ciartifact/ciartifact_family_required.go:20.84,24.31 2 1
github.com/fall_out_bug/sdp-trace/internal/ciartifact/ciartifact_family_required.go:24.31,25.20 1 1
github.com/fall_out_bug/sdp-trace/internal/ciartifact/ciartifact_family_required.go:25.20,28.4 1 0
github.com/fall_out_bug/sdp-trace/internal/ciartifact/ciartifact_family_required.go:30.2,31.14 2 1
github.com/fall_out_bug/sdp-trace/internal/ciartifact/ciartifact_hex.go:5.45,9.26 1 1
github.com/fall_out_bug/sdp-trace/internal/ciartifact/ciartifact_hex.go:9.26,12.3 1 1
github.com/fall_out_bug/sdp-trace/internal/ciartifact/ciartifact_hex.go:13.2,13.26 1 1
github.com/fall_out_bug/sdp-trace/internal/ciartifact/ciartifact_hex.go:13.26,14.20 1 1
github.com/fall_out_bug/sdp-trace/internal/ciartifact/ciartifact_hex.go:14.20,17.4 1 0
github.com/fall_out_bug/sdp-trace/internal/ciartifact/ciartifact_hex.go:19.2,19.13 1 1
github.com/fall_out_bug/sdp-trace/internal/ciartifact/ciartifact_hex.go:22.29,24.2 1 1
github.com/fall_out_bug/sdp-trace/internal/ciartifact/ciartifact_identity_ref.go:5.33,9.17 1 1
github.com/fall_out_bug/sdp-trace/internal/ciartifact/ciartifact_identity_ref.go:9.17,11.3 1 0
github.com/fall_out_bug/sdp-trace/internal/ciartifact/ciartifact_identity_ref.go:12.2,12.27 1 1
github.com/fall_out_bug/sdp-trace/internal/ciartifact/ciartifact_identity_ref.go:12.27,15.3 1 0
github.com/fall_out_bug/sdp-trace/internal/ciartifact/ciartifact_identity_ref.go:16.2,16.41 1 1
github.com/fall_out_bug/sdp-trace/internal/ciartifact/ciartifact_identity_ref.go:19.39,28.2 1 1
github.com/fall_out_bug/sdp-trace/internal/ciartifact/ciartifact_identity_run.go:3.57,15.2 8 1
github.com/fall_out_bug/sdp-trace/internal/ciartifact/ciartifact_identity_run.go:17.59,21.52 1 1
github.com/fall_out_bug/sdp-trace/internal/ciartifact/ciartifact_identity_run.go:21.52,23.3 1 1
github.com/fall_out_bug/sdp-trace/internal/ciartifact/ciartifact_identity_run.go:25.2,25.18 1 1
github.com/fall_out_bug/sdp-trace/internal/ciartifact/ciartifact_identity_run.go:28.35,32.31 1 1
github.com/fall_out_bug/sdp-trace/internal/ciartifact/ciartifact_identity_run.go:32.31,33.13 1 1
github.com/fall_out_bug/sdp-trace/internal/ciartifact/ciartifact_identity_run.go:33.13,36.4 1 1
github.com/fall_out_bug/sdp-trace/internal/ciartifact/ciartifact_identity_run.go:38.2,38.13 1 1
github.com/fall_out_bug/sdp-trace/internal/ciartifact/ciartifact_identity_source.go:3.66,8.92 1 1
github.com/fall_out_bug/sdp-trace/internal/ciartifact/ciartifact_identity_source.go:8.92,8.135 1 1
github.com/fall_out_bug/sdp-trace/internal/ciartifact/ciartifact_identity_source.go:9.2,11.119 3 1
github.com/fall_out_bug/sdp-trace/internal/ciartifact/ciartifact_identity_source.go:14.80,18.33 1 1
github.com/fall_out_bug/sdp-trace/internal/ciartifact/ciartifact_identity_source.go:18.33,20.3 1 1
github.com/fall_out_bug/sdp-trace/internal/ciartifact/ciartifact_identity_source.go:22.2,22.18 1 1
github.com/fall_out_bug/sdp-trace/internal/ciartifact/ciartifact_identity_source.go:25.39,27.2 1 1
github.com/fall_out_bug/sdp-trace/internal/ciartifact/ciartifact_identity_token.go:5.50,8.17 1 1
github.com/fall_out_bug/sdp-trace/internal/ciartifact/ciartifact_identity_token.go:8.17,10.3 1 1
github.com/fall_out_bug/sdp-trace/internal/ciartifact/ciartifact_identity_token.go:11.2,11.37 1 1
github.com/fall_out_bug/sdp-trace/internal/ciartifact/ciartifact_identity_token.go:11.37,14.3 1 1
github.com/fall_out_bug/sdp-trace/internal/ciartifact/ciartifact_identity_token.go:15.2,15.32 1 1
github.com/fall_out_bug/sdp-trace/internal/ciartifact/ciartifact_identity_token.go:15.32,18.3 1 1
github.com/fall_out_bug/sdp-trace/internal/ciartifact/ciartifact_identity_token.go:19.2,19.50 1 1
github.com/fall_out_bug/sdp-trace/internal/ciartifact/ciartifact_identity_token.go:22.49,24.2 1 1
github.com/fall_out_bug/sdp-trace/internal/ciartifact/ciartifact_identity_token.go:26.60,30.26 1 1
github.com/fall_out_bug/sdp-trace/internal/ciartifact/ciartifact_identity_token.go:30.26,31.39 1 1
github.com/fall_out_bug/sdp-trace/internal/ciartifact/ciartifact_identity_token.go:31.39,34.4 1 1
github.com/fall_out_bug/sdp-trace/internal/ciartifact/ciartifact_identity_token.go:36.2,36.13 1 1
github.com/fall_out_bug/sdp-trace/internal/ciartifact/ciartifact_identity_token.go:39.55,41.2 1 1
github.com/fall_out_bug/sdp-trace/internal/ciartifact/ciartifact_identity_token.go:43.42,45.2 1 1
github.com/fall_out_bug/sdp-trace/internal/ciartifact/ciartifact_identity_unsafe.go:5.45,12.41 2 1
github.com/fall_out_bug/sdp-trace/internal/ciartifact/ciartifact_identity_unsafe.go:12.41,14.3 1 1
github.com/fall_out_bug/sdp-trace/internal/ciartifact/ciartifact_identity_unsafe.go:16.2,16.71 1 1
github.com/fall_out_bug/sdp-trace/internal/ciartifact/ciartifact_identity_unsafe.go:19.54,23.47 1 1
github.com/fall_out_bug/sdp-trace/internal/ciartifact/ciartifact_identity_unsafe.go:23.47,24.38 1 1
github.com/fall_out_bug/sdp-trace/internal/ciartifact/ciartifact_identity_unsafe.go:24.38,27.4 1 1
github.com/fall_out_bug/sdp-trace/internal/ciartifact/ciartifact_identity_unsafe.go:29.2,29.14 1 1
github.com/fall_out_bug/sdp-trace/internal/ciartifact/ciartifact_index.go:3.66,8.45 2 1
github.com/fall_out_bug/sdp-trace/internal/ciartifact/ciartifact_index.go:8.45,10.3 1 1
github.com/fall_out_bug/sdp-trace/internal/ciartifact/ciartifact_index.go:11.2,13.174 2 1
github.com/fall_out_bug/sdp-trace/internal/ciartifact/ciartifact_inputs.go:10.65,21.2 2 1
github.com/fall_out_bug/sdp-trace/internal/ciartifact/ciartifact_inputs.go:23.75,27.28 2 1
github.com/fall_out_bug/sdp-trace/internal/ciartifact/ciartifact_inputs.go:27.28,30.19 2 1
github.com/fall_out_bug/sdp-trace/internal/ciartifact/ciartifact_inputs.go:30.19,31.12 1 0
github.com/fall_out_bug/sdp-trace/internal/ciartifact/ciartifact_inputs.go:33.3,35.21 3 1
github.com/fall_out_bug/sdp-trace/internal/ciartifact/ciartifact_inputs.go:37.2,37.13 1 1
github.com/fall_out_bug/sdp-trace/internal/ciartifact/ciartifact_output_classes.go:5.43,18.30 3 1
github.com/fall_out_bug/sdp-trace/internal/ciartifact/ciartifact_output_classes.go:18.30,19.21 1 1
github.com/fall_out_bug/sdp-trace/internal/ciartifact/ciartifact_output_classes.go:19.21,22.4 1 1
github.com/fall_out_bug/sdp-trace/internal/ciartifact/ciartifact_output_classes.go:24.2,25.12 2 1
github.com/fall_out_bug/sdp-trace/internal/ciartifact/ciartifact_producer_scope.go:5.53,9.36 1 1
github.com/fall_out_bug/sdp-trace/internal/ciartifact/ciartifact_producer_scope.go:9.36,12.3 1 0
github.com/fall_out_bug/sdp-trace/internal/ciartifact/ciartifact_producer_scope.go:13.2,14.66 2 1
github.com/fall_out_bug/sdp-trace/internal/ciartifact/ciartifact_producer_scope.go:14.66,17.3 1 1
github.com/fall_out_bug/sdp-trace/internal/ciartifact/ciartifact_producer_scope.go:18.2,18.14 1 1
github.com/fall_out_bug/sdp-trace/internal/ciartifact/ciartifact_producer_scope.go:21.46,25.22 1 1
github.com/fall_out_bug/sdp-trace/internal/ciartifact/ciartifact_producer_scope.go:25.22,27.3 1 1
github.com/fall_out_bug/sdp-trace/internal/ciartifact/ciartifact_producer_scope.go:29.2,29.34 1 1
github.com/fall_out_bug/sdp-trace/internal/ciartifact/ciartifact_producer_scope.go:32.35,34.2 1 1
github.com/fall_out_bug/sdp-trace/internal/ciartifact/ciartifact_reasons.go:3.134,13.2 6 1
github.com/fall_out_bug/sdp-trace/internal/ciartifact/ciartifact_reasons.go:15.74,19.34 1 1
github.com/fall_out_bug/sdp-trace/internal/ciartifact/ciartifact_reasons.go:19.34,22.3 1 1
github.com/fall_out_bug/sdp-trace/internal/ciartifact/ciartifact_reasons.go:25.72,29.32 1 1
github.com/fall_out_bug/sdp-trace/internal/ciartifact/ciartifact_reasons.go:29.32,32.3 1 1
github.com/fall_out_bug/sdp-trace/internal/ciartifact/ciartifact_reasons.go:35.72,36.26 1 1
github.com/fall_out_bug/sdp-trace/internal/ciartifact/ciartifact_reasons.go:36.26,38.3 1 1
github.com/fall_out_bug/sdp-trace/internal/ciartifact/ciartifact_reasons.go:41.45,43.2 1 1
github.com/fall_out_bug/sdp-trace/internal/ciartifact/ciartifact_requirements_order.go:3.81,9.37 2 1
github.com/fall_out_bug/sdp-trace/internal/ciartifact/ciartifact_requirements_order.go:9.37,10.34 1 1
github.com/fall_out_bug/sdp-trace/internal/ciartifact/ciartifact_requirements_order.go:10.34,12.4 1 1
github.com/fall_out_bug/sdp-trace/internal/ciartifact/ciartifact_requirements_order.go:14.2,14.12 1 1
github.com/fall_out_bug/sdp-trace/internal/ciartifact/ciartifact_result.go:3.166,10.2 3 1
github.com/fall_out_bug/sdp-trace/internal/ciartifact/ciartifact_result.go:12.143,36.2 2 1
github.com/fall_out_bug/sdp-trace/internal/ciartifact/ciartifact_result.go:38.103,44.2 2 1
github.com/fall_out_bug/sdp-trace/internal/ciartifact/ciartifact_safety.go:3.65,9.9 3 1
github.com/fall_out_bug/sdp-trace/internal/ciartifact/ciartifact_safety.go:9.9,13.3 2 1
github.com/fall_out_bug/sdp-trace/internal/ciartifact/ciartifact_safety.go:14.2,14.140 1 1
github.com/fall_out_bug/sdp-trace/internal/ciartifact/ciartifact_safety_ruleset.go:9.62,12.26 1 1
github.com/fall_out_bug/sdp-trace/internal/ciartifact/ciartifact_safety_ruleset.go:12.26,15.3 1 1
github.com/fall_out_bug/sdp-trace/internal/ciartifact/ciartifact_safety_ruleset.go:16.2,16.32 1 1
github.com/fall_out_bug/sdp-trace/internal/ciartifact/ciartifact_safety_ruleset.go:16.32,20.3 2 1
github.com/fall_out_bug/sdp-trace/internal/ciartifact/ciartifact_safety_ruleset.go:21.2,21.14 1 1
github.com/fall_out_bug/sdp-trace/internal/ciartifact/ciartifact_safety_ruleset.go:24.43,41.2 1 1
github.com/fall_out_bug/sdp-trace/internal/ciartifact/ciartifact_safety_ruleset.go:43.51,47.36 1 1
github.com/fall_out_bug/sdp-trace/internal/ciartifact/ciartifact_safety_ruleset.go:47.36,50.3 1 1
github.com/fall_out_bug/sdp-trace/internal/ciartifact/ciartifact_safety_ruleset.go:51.2,51.14 1 1
github.com/fall_out_bug/sdp-trace/internal/ciartifact/ciartifact_sort.go:5.47,11.25 2 1
github.com/fall_out_bug/sdp-trace/internal/ciartifact/ciartifact_sort.go:11.25,13.3 1 1
github.com/fall_out_bug/sdp-trace/internal/ciartifact/ciartifact_sort.go:14.2,15.12 2 1
github.com/fall_out_bug/sdp-trace/internal/ciartifact/ciartifact_top_level.go:3.152,6.68 1 1
github.com/fall_out_bug/sdp-trace/internal/ciartifact/ciartifact_top_level.go:6.68,9.3 1 1
github.com/fall_out_bug/sdp-trace/internal/ciartifact/ciartifact_top_level.go:10.2,10.83 1 1
github.com/fall_out_bug/sdp-trace/internal/ciartifact/ciartifact_top_level.go:10.83,13.3 1 1
github.com/fall_out_bug/sdp-trace/internal/ciartifact/ciartifact_top_level.go:14.2,14.24 1 1
github.com/fall_out_bug/sdp-trace/internal/ciartifact/ciartifact_top_level.go:14.24,18.3 1 1
github.com/fall_out_bug/sdp-trace/internal/ciartifact/ciartifact_top_level.go:19.2,19.18 1 1
github.com/fall_out_bug/sdp-trace/internal/ciartifact/ciartifact_top_level.go:22.153,26.2 1 1
github.com/fall_out_bug/sdp-trace/internal/ciartifact/ciartifact_top_level.go:28.136,32.2 1 1
github.com/fall_out_bug/sdp-trace/internal/ciartifact/ciartifact_top_level.go:34.70,38.34 1 1
github.com/fall_out_bug/sdp-trace/internal/ciartifact/ciartifact_top_level.go:38.34,39.34 1 1
github.com/fall_out_bug/sdp-trace/internal/ciartifact/ciartifact_top_level.go:39.34,42.4 1 1
github.com/fall_out_bug/sdp-trace/internal/ciartifact/ciartifact_top_level.go:44.2,44.14 1 1
github.com/fall_out_bug/sdp-trace/internal/contract/contract.go:25.58,29.16 2 1
github.com/fall_out_bug/sdp-trace/internal/contract/contract.go:29.16,31.3 1 0
github.com/fall_out_bug/sdp-trace/internal/contract/contract.go:34.2,35.55 2 1
github.com/fall_out_bug/sdp-trace/internal/contract/contract.go:35.55,37.3 1 0
github.com/fall_out_bug/sdp-trace/internal/contract/contract.go:38.2,38.44 1 1
github.com/fall_out_bug/sdp-trace/internal/contract/contract.go:38.44,40.3 1 0
github.com/fall_out_bug/sdp-trace/internal/contract/contract.go:41.2,41.22 1 1
github.com/fall_out_bug/sdp-trace/internal/contract/digest.go:13.60,17.16 2 1
github.com/fall_out_bug/sdp-trace/internal/contract/digest.go:17.16,19.3 1 0
github.com/fall_out_bug/sdp-trace/internal/contract/digest.go:21.2,21.40 1 1
github.com/fall_out_bug/sdp-trace/internal/contract/digest.go:24.78,34.16 7 1
github.com/fall_out_bug/sdp-trace/internal/contract/digest.go:34.16,36.3 1 0
github.com/fall_out_bug/sdp-trace/internal/contract/digest.go:37.2,37.23 1 1
github.com/fall_out_bug/sdp-trace/internal/contract/digest.go:40.42,44.2 2 1
github.com/fall_out_bug/sdp-trace/internal/contract/validation.go:10.52,14.16 1 1
github.com/fall_out_bug/sdp-trace/internal/contract/validation.go:14.16,14.72 1 1
github.com/fall_out_bug/sdp-trace/internal/contract/validation.go:15.16,15.72 1 1
github.com/fall_out_bug/sdp-trace/internal/contract/validation.go:16.16,16.72 1 1
github.com/fall_out_bug/sdp-trace/internal/contract/validation.go:32.98,35.31 1 1
github.com/fall_out_bug/sdp-trace/internal/contract/validation.go:35.31,37.83 1 1
github.com/fall_out_bug/sdp-trace/internal/contract/validation.go:37.83,39.4 1 1
github.com/fall_out_bug/sdp-trace/internal/contract/validation.go:41.2,41.12 1 1
github.com/fall_out_bug/sdp-trace/internal/contract/validation.go:44.94,47.31 1 1
github.com/fall_out_bug/sdp-trace/internal/contract/validation.go:47.31,49.81 1 1
github.com/fall_out_bug/sdp-trace/internal/contract/validation.go:49.81,51.4 1 1
github.com/fall_out_bug/sdp-trace/internal/contract/validation.go:53.2,53.12 1 1
github.com/fall_out_bug/sdp-trace/internal/contract/validation.go:56.55,57.17 1 1
github.com/fall_out_bug/sdp-trace/internal/contract/validation.go:57.17,63.3 1 1
github.com/fall_out_bug/sdp-trace/internal/contract/validation.go:64.2,64.12 1 1
github.com/fall_out_bug/sdp-trace/internal/contract/validation.go:67.63,68.22 1 1
github.com/fall_out_bug/sdp-trace/internal/contract/validation.go:68.22,73.3 1 1
github.com/fall_out_bug/sdp-trace/internal/contract/validation.go:74.2,74.12 1 1
github.com/fall_out_bug/sdp-trace/internal/contract/validation.go:77.57,80.31 1 1
github.com/fall_out_bug/sdp-trace/internal/contract/validation.go:80.31,82.33 1 1
github.com/fall_out_bug/sdp-trace/internal/contract/validation.go:82.33,84.4 1 1
github.com/fall_out_bug/sdp-trace/internal/contract/validation.go:86.2,86.12 1 1
github.com/fall_out_bug/sdp-trace/internal/contract/validation_fields.go:6.61,6.87 1 1
github.com/fall_out_bug/sdp-trace/internal/contract/validation_fields.go:7.58,7.81 1 1
github.com/fall_out_bug/sdp-trace/internal/contract/validation_fields.go:8.54,8.74 1 1
github.com/fall_out_bug/sdp-trace/internal/contract/validation_fields.go:9.62,9.89 1 1
github.com/fall_out_bug/sdp-trace/internal/contract/validation_fields.go:10.67,10.98 1 1
github.com/fall_out_bug/sdp-trace/internal/contract/validation_fields.go:16.66,16.96 1 1
github.com/fall_out_bug/sdp-trace/internal/contract/validation_fields.go:17.63,17.90 1 1
github.com/fall_out_bug/sdp-trace/internal/contract/validation_fields.go:18.59,18.82 1 1
github.com/fall_out_bug/sdp-trace/internal/contract/validation_fields.go:23.71,23.105 1 1
github.com/fall_out_bug/sdp-trace/internal/contract/validation_fields.go:24.64,24.93 1 1
github.com/fall_out_bug/sdp-trace/internal/contract/validation_fields.go:25.64,25.93 1 1
github.com/fall_out_bug/sdp-trace/internal/export/bundle_build.go:5.173,9.16 2 1
github.com/fall_out_bug/sdp-trace/internal/export/bundle_build.go:9.16,11.3 1 1
github.com/fall_out_bug/sdp-trace/internal/export/bundle_build.go:12.2,14.80 2 1
github.com/fall_out_bug/sdp-trace/internal/export/bundle_build.go:17.76,18.21 1 1
github.com/fall_out_bug/sdp-trace/internal/export/bundle_build.go:18.21,22.3 1 0
github.com/fall_out_bug/sdp-trace/internal/export/bundle_build.go:23.2,23.23 1 1
github.com/fall_out_bug/sdp-trace/internal/export/bundle_build.go:26.170,36.2 1 1
github.com/fall_out_bug/sdp-trace/internal/export/bundle_io.go:9.57,11.2 1 1
github.com/fall_out_bug/sdp-trace/internal/export/bundle_io.go:14.45,16.2 1 1
github.com/fall_out_bug/sdp-trace/internal/export/bundle_io.go:18.57,21.16 2 1
github.com/fall_out_bug/sdp-trace/internal/export/bundle_io.go:21.16,23.3 1 0
github.com/fall_out_bug/sdp-trace/internal/export/bundle_io.go:24.2,24.40 1 1
github.com/fall_out_bug/sdp-trace/internal/export/bundle_io.go:27.51,31.16 2 1
github.com/fall_out_bug/sdp-trace/internal/export/bundle_io.go:31.16,33.3 1 0
github.com/fall_out_bug/sdp-trace/internal/export/bundle_io.go:34.2,35.54 2 1
github.com/fall_out_bug/sdp-trace/internal/export/bundle_io.go:35.54,37.3 1 0
github.com/fall_out_bug/sdp-trace/internal/export/bundle_io.go:38.2,38.20 1 1
github.com/fall_out_bug/sdp-trace/internal/export/export.go:17.173,19.2 1 1
github.com/fall_out_bug/sdp-trace/internal/export/paths.go:6.44,8.2 1 1
github.com/fall_out_bug/sdp-trace/internal/forensic/forensic.go:3.45,6.2 2 1
github.com/fall_out_bug/sdp-trace/internal/forensic/forensic_actions.go:5.47,10.39 2 1
github.com/fall_out_bug/sdp-trace/internal/forensic/forensic_actions.go:10.39,11.35 1 1
github.com/fall_out_bug/sdp-trace/internal/forensic/forensic_actions.go:11.35,14.4 1 1
github.com/fall_out_bug/sdp-trace/internal/forensic/forensic_actions.go:16.2,17.12 2 1
github.com/fall_out_bug/sdp-trace/internal/forensic/forensic_actions.go:20.51,25.39 2 1
github.com/fall_out_bug/sdp-trace/internal/forensic/forensic_actions.go:25.39,28.3 1 1
github.com/fall_out_bug/sdp-trace/internal/forensic/forensic_actions.go:29.2,30.26 2 1
github.com/fall_out_bug/sdp-trace/internal/forensic/forensic_actions.go:30.26,32.3 1 1
github.com/fall_out_bug/sdp-trace/internal/forensic/forensic_actions.go:33.2,34.12 2 1
github.com/fall_out_bug/sdp-trace/internal/forensic/forensic_actions.go:37.62,41.64 1 1
github.com/fall_out_bug/sdp-trace/internal/forensic/forensic_actions.go:41.64,44.3 1 1
github.com/fall_out_bug/sdp-trace/internal/forensic/forensic_assessment.go:3.50,21.2 1 1
github.com/fall_out_bug/sdp-trace/internal/forensic/forensic_assessment.go:23.64,35.53 2 1
github.com/fall_out_bug/sdp-trace/internal/forensic/forensic_assessment.go:35.53,38.3 1 1
github.com/fall_out_bug/sdp-trace/internal/forensic/forensic_assessment.go:40.2,42.15 3 1
github.com/fall_out_bug/sdp-trace/internal/forensic/forensic_condition_constructors.go:3.46,5.2 1 1
github.com/fall_out_bug/sdp-trace/internal/forensic/forensic_condition_constructors.go:7.54,9.2 1 1
github.com/fall_out_bug/sdp-trace/internal/forensic/forensic_condition_constructors.go:11.66,13.2 1 1
github.com/fall_out_bug/sdp-trace/internal/forensic/forensic_condition_constructors.go:15.62,17.2 1 1
github.com/fall_out_bug/sdp-trace/internal/forensic/forensic_critical.go:3.55,8.41 2 1
github.com/fall_out_bug/sdp-trace/internal/forensic/forensic_critical.go:8.41,10.78 1 1
github.com/fall_out_bug/sdp-trace/internal/forensic/forensic_critical.go:10.78,12.4 1 1
github.com/fall_out_bug/sdp-trace/internal/forensic/forensic_critical.go:14.2,14.145 1 1
github.com/fall_out_bug/sdp-trace/internal/forensic/forensic_critical.go:17.106,21.37 1 1
github.com/fall_out_bug/sdp-trace/internal/forensic/forensic_critical.go:21.37,24.3 1 0
github.com/fall_out_bug/sdp-trace/internal/forensic/forensic_critical.go:25.2,25.42 1 1
github.com/fall_out_bug/sdp-trace/internal/forensic/forensic_critical.go:28.73,30.2 1 1
github.com/fall_out_bug/sdp-trace/internal/forensic/forensic_critical.go:32.73,36.58 1 1
github.com/fall_out_bug/sdp-trace/internal/forensic/forensic_critical.go:36.58,38.3 1 1
github.com/fall_out_bug/sdp-trace/internal/forensic/forensic_critical.go:39.2,39.61 1 1
github.com/fall_out_bug/sdp-trace/internal/forensic/forensic_critical.go:39.61,42.3 1 1
github.com/fall_out_bug/sdp-trace/internal/forensic/forensic_critical.go:43.2,43.68 1 1
github.com/fall_out_bug/sdp-trace/internal/forensic/forensic_critical.go:45.76,49.72 1 1
github.com/fall_out_bug/sdp-trace/internal/forensic/forensic_critical.go:49.72,52.3 1 1
github.com/fall_out_bug/sdp-trace/internal/forensic/forensic_critical.go:53.2,53.27 1 0
github.com/fall_out_bug/sdp-trace/internal/forensic/forensic_critical.go:56.59,58.2 1 1
github.com/fall_out_bug/sdp-trace/internal/forensic/forensic_critical.go:59.83,63.31 1 1
github.com/fall_out_bug/sdp-trace/internal/forensic/forensic_critical.go:63.31,66.3 1 1
github.com/fall_out_bug/sdp-trace/internal/forensic/forensic_critical.go:67.2,67.210 1 1
github.com/fall_out_bug/sdp-trace/internal/forensic/forensic_critical_helpers.go:3.50,9.63 3 1
github.com/fall_out_bug/sdp-trace/internal/forensic/forensic_critical_helpers.go:9.63,12.3 1 1
github.com/fall_out_bug/sdp-trace/internal/forensic/forensic_critical_helpers.go:13.2,14.12 2 1
github.com/fall_out_bug/sdp-trace/internal/forensic/forensic_critical_helpers.go:17.47,18.54 1 1
github.com/fall_out_bug/sdp-trace/internal/forensic/forensic_critical_helpers.go:18.54,21.3 1 1
github.com/fall_out_bug/sdp-trace/internal/forensic/forensic_critical_helpers.go:24.85,28.39 1 1
github.com/fall_out_bug/sdp-trace/internal/forensic/forensic_critical_helpers.go:28.39,29.46 1 1
github.com/fall_out_bug/sdp-trace/internal/forensic/forensic_critical_helpers.go:29.46,32.4 1 1
github.com/fall_out_bug/sdp-trace/internal/forensic/forensic_critical_helpers.go:36.72,38.2 1 1
github.com/fall_out_bug/sdp-trace/internal/forensic/forensic_critical_helpers.go:40.41,44.31 1 1
github.com/fall_out_bug/sdp-trace/internal/forensic/forensic_critical_helpers.go:44.31,45.18 1 1
github.com/fall_out_bug/sdp-trace/internal/forensic/forensic_critical_helpers.go:45.18,48.4 1 1
github.com/fall_out_bug/sdp-trace/internal/forensic/forensic_critical_helpers.go:50.2,50.13 1 1
github.com/fall_out_bug/sdp-trace/internal/forensic/forensic_overclaim.go:3.48,8.41 2 1
github.com/fall_out_bug/sdp-trace/internal/forensic/forensic_overclaim.go:8.41,9.49 1 1
github.com/fall_out_bug/sdp-trace/internal/forensic/forensic_overclaim.go:9.49,12.4 1 1
github.com/fall_out_bug/sdp-trace/internal/forensic/forensic_overclaim.go:14.2,14.138 1 1
github.com/fall_out_bug/sdp-trace/internal/forensic/forensic_overclaim.go:17.85,19.2 1 1
github.com/fall_out_bug/sdp-trace/internal/forensic/forensic_overclaim.go:21.54,23.2 1 1
github.com/fall_out_bug/sdp-trace/internal/forensic/forensic_policy.go:3.45,8.63 1 1
github.com/fall_out_bug/sdp-trace/internal/forensic/forensic_policy.go:8.63,10.3 1 1
github.com/fall_out_bug/sdp-trace/internal/forensic/forensic_policy.go:11.2,11.58 1 1
github.com/fall_out_bug/sdp-trace/internal/forensic/forensic_policy.go:11.58,13.3 1 1
github.com/fall_out_bug/sdp-trace/internal/forensic/forensic_policy.go:14.2,14.61 1 1
github.com/fall_out_bug/sdp-trace/internal/forensic/forensic_policy.go:14.61,16.3 1 1
github.com/fall_out_bug/sdp-trace/internal/forensic/forensic_policy.go:17.2,17.125 1 1
github.com/fall_out_bug/sdp-trace/internal/forensic/forensic_policy.go:20.62,24.53 1 1
github.com/fall_out_bug/sdp-trace/internal/forensic/forensic_policy.go:24.53,25.19 1 1
github.com/fall_out_bug/sdp-trace/internal/forensic/forensic_policy.go:25.19,28.4 1 1
github.com/fall_out_bug/sdp-trace/internal/forensic/forensic_policy.go:30.2,30.27 1 1
github.com/fall_out_bug/sdp-trace/internal/forensic/forensic_policy_binding.go:3.62,7.66 1 1
github.com/fall_out_bug/sdp-trace/internal/forensic/forensic_policy_binding.go:7.66,9.3 1 1
github.com/fall_out_bug/sdp-trace/internal/forensic/forensic_policy_binding.go:11.2,11.200 1 1
github.com/fall_out_bug/sdp-trace/internal/forensic/forensic_policy_binding.go:14.65,18.41 1 1
github.com/fall_out_bug/sdp-trace/internal/forensic/forensic_policy_binding.go:18.41,19.75 1 1
github.com/fall_out_bug/sdp-trace/internal/forensic/forensic_policy_binding.go:19.75,22.4 1 1
github.com/fall_out_bug/sdp-trace/internal/forensic/forensic_policy_binding.go:24.2,24.27 1 1
github.com/fall_out_bug/sdp-trace/internal/forensic/forensic_policy_binding.go:27.88,31.93 1 1
[...]
github.com/fall_out_bug/sdp-trace/cmd/sdp-trace/query_448_validatequerypackoptions.go:13.48,17.3 1 1
github.com/fall_out_bug/sdp-trace/cmd/sdp-trace/query_448_validatequerypackoptions.go:18.2,18.67 1 1
github.com/fall_out_bug/sdp-trace/cmd/sdp-trace/query_449_requirequerypackrequiredinputs.go:7.68,8.19 1 1
github.com/fall_out_bug/sdp-trace/cmd/sdp-trace/query_449_requirequerypackrequiredinputs.go:8.19,11.3 1 0
github.com/fall_out_bug/sdp-trace/cmd/sdp-trace/query_449_requirequerypackrequiredinputs.go:12.2,12.19 1 1
github.com/fall_out_bug/sdp-trace/cmd/sdp-trace/query_449_requirequerypackrequiredinputs.go:12.19,15.3 1 1
github.com/fall_out_bug/sdp-trace/cmd/sdp-trace/query_449_requirequerypackrequiredinputs.go:16.2,16.12 1 1
github.com/fall_out_bug/sdp-trace/cmd/sdp-trace/query_450_readquerypackresult.go:7.70,9.52 2 1
github.com/fall_out_bug/sdp-trace/cmd/sdp-trace/query_450_readquerypackresult.go:9.52,12.3 1 0
github.com/fall_out_bug/sdp-trace/cmd/sdp-trace/query_450_readquerypackresult.go:13.2,13.20 1 1
github.com/fall_out_bug/sdp-trace/cmd/sdp-trace/query_451_validatequerypackexplainresult.go:9.73,10.113 1 1
github.com/fall_out_bug/sdp-trace/cmd/sdp-trace/query_451_validatequerypackexplainresult.go:10.113,13.3 1 1
github.com/fall_out_bug/sdp-trace/cmd/sdp-trace/query_451_validatequerypackexplainresult.go:16.2,16.12 1 1
github.com/fall_out_bug/sdp-trace/cmd/sdp-trace/release_151_run.go:10.86,12.9 2 1
github.com/fall_out_bug/sdp-trace/cmd/sdp-trace/release_151_run.go:12.9,14.3 1 0
github.com/fall_out_bug/sdp-trace/cmd/sdp-trace/release_151_run.go:17.2,18.9 2 1
github.com/fall_out_bug/sdp-trace/cmd/sdp-trace/release_151_run.go:18.9,20.3 1 0
github.com/fall_out_bug/sdp-trace/cmd/sdp-trace/release_151_run.go:21.2,23.62 3 1
github.com/fall_out_bug/sdp-trace/cmd/sdp-trace/release_154_parseargs.go:8.83,14.41 4 1
github.com/fall_out_bug/sdp-trace/cmd/sdp-trace/release_154_parseargs.go:14.41,17.3 2 0
github.com/fall_out_bug/sdp-trace/cmd/sdp-trace/release_154_parseargs.go:18.2,18.100 1 1
github.com/fall_out_bug/sdp-trace/cmd/sdp-trace/release_154_parseargs.go:18.100,20.3 1 0
github.com/fall_out_bug/sdp-trace/cmd/sdp-trace/release_154_parseargs.go:21.2,21.22 1 1
github.com/fall_out_bug/sdp-trace/cmd/sdp-trace/release_155_flagsandexits.go:15.45,17.2 1 1
github.com/fall_out_bug/sdp-trace/cmd/sdp-trace/witness_374_run.go:9.81,11.9 2 1
github.com/fall_out_bug/sdp-trace/cmd/sdp-trace/witness_374_run.go:11.9,13.3 1 1
github.com/fall_out_bug/sdp-trace/cmd/sdp-trace/witness_374_run.go:16.2,17.16 2 1
github.com/fall_out_bug/sdp-trace/cmd/sdp-trace/witness_374_run.go:17.16,20.3 2 0
github.com/fall_out_bug/sdp-trace/cmd/sdp-trace/witness_374_run.go:21.2,21.49 1 1
github.com/fall_out_bug/sdp-trace/cmd/sdp-trace/witness_376_parseoptions.go:8.82,10.9 2 1
github.com/fall_out_bug/sdp-trace/cmd/sdp-trace/witness_376_parseoptions.go:10.9,12.3 1 0
github.com/fall_out_bug/sdp-trace/cmd/sdp-trace/witness_376_parseoptions.go:15.2,16.9 2 1
github.com/fall_out_bug/sdp-trace/cmd/sdp-trace/witness_376_parseoptions.go:16.9,19.3 2 1
github.com/fall_out_bug/sdp-trace/cmd/sdp-trace/witness_376_parseoptions.go:20.2,20.22 1 1
github.com/fall_out_bug/sdp-trace/cmd/sdp-trace/witness_377_parseflagset.go:8.76,21.41 11 1
github.com/fall_out_bug/sdp-trace/cmd/sdp-trace/witness_377_parseflagset.go:21.41,26.3 2 0
github.com/fall_out_bug/sdp-trace/cmd/sdp-trace/witness_377_parseflagset.go:29.2,29.19 1 1
github.com/fall_out_bug/sdp-trace/cmd/sdp-trace/witness_378_optionsfromflags.go:3.76,7.9 2 1
github.com/fall_out_bug/sdp-trace/cmd/sdp-trace/witness_378_optionsfromflags.go:7.9,9.3 1 1
github.com/fall_out_bug/sdp-trace/cmd/sdp-trace/witness_378_optionsfromflags.go:10.2,10.65 1 1
github.com/fall_out_bug/sdp-trace/cmd/sdp-trace/witness_380_requiredfieldsfromflags.go:3.90,7.9 2 1
github.com/fall_out_bug/sdp-trace/cmd/sdp-trace/witness_380_requiredfieldsfromflags.go:7.9,9.3 1 1
github.com/fall_out_bug/sdp-trace/cmd/sdp-trace/witness_380_requiredfieldsfromflags.go:10.2,10.46 1 1
github.com/fall_out_bug/sdp-trace/cmd/sdp-trace/witness_381_kindoutfromflags.go:3.98,5.9 2 1
github.com/fall_out_bug/sdp-trace/cmd/sdp-trace/witness_381_kindoutfromflags.go:5.9,7.3 1 1
github.com/fall_out_bug/sdp-trace/cmd/sdp-trace/witness_381_kindoutfromflags.go:10.2,11.9 2 1
github.com/fall_out_bug/sdp-trace/cmd/sdp-trace/witness_381_kindoutfromflags.go:11.9,13.3 1 1
github.com/fall_out_bug/sdp-trace/cmd/sdp-trace/witness_381_kindoutfromflags.go:16.2,16.62 1 1
github.com/fall_out_bug/sdp-trace/cmd/sdp-trace/witness_381_kindoutfromflags.go:16.62,18.3 1 1
github.com/fall_out_bug/sdp-trace/cmd/sdp-trace/witness_381_kindoutfromflags.go:19.2,19.78 1 1
github.com/fall_out_bug/sdp-trace/cmd/sdp-trace/witness_382_optionsfromrequiredfields.go:3.99,20.2 1 1
github.com/fall_out_bug/sdp-trace/cmd/sdp-trace/witness_384_kindfromflags.go:3.65,5.31 2 1
github.com/fall_out_bug/sdp-trace/cmd/sdp-trace/witness_384_kindfromflags.go:5.31,9.3 1 1
github.com/fall_out_bug/sdp-trace/cmd/sdp-trace/witness_384_kindfromflags.go:10.2,10.23 1 1
github.com/fall_out_bug/sdp-trace/cmd/sdp-trace/witness_385_outfromflags.go:3.64,5.15 2 1
github.com/fall_out_bug/sdp-trace/cmd/sdp-trace/witness_385_outfromflags.go:5.15,9.3 1 1
github.com/fall_out_bug/sdp-trace/cmd/sdp-trace/witness_385_outfromflags.go:10.2,10.22 1 1
github.com/fall_out_bug/sdp-trace/cmd/sdp-trace/witness_386_validatekindflags.go:8.74,12.22 2 1
github.com/fall_out_bug/sdp-trace/cmd/sdp-trace/witness_386_validatekindflags.go:12.22,14.3 1 1
github.com/fall_out_bug/sdp-trace/cmd/sdp-trace/witness_386_validatekindflags.go:15.2,15.17 1 1
github.com/fall_out_bug/sdp-trace/cmd/sdp-trace/witness_387_missingkindflags.go:7.67,8.37 1 1
github.com/fall_out_bug/sdp-trace/cmd/sdp-trace/witness_387_missingkindflags.go:8.37,11.3 1 1
github.com/fall_out_bug/sdp-trace/cmd/sdp-trace/witness_387_missingkindflags.go:12.2,12.38 1 1
github.com/fall_out_bug/sdp-trace/cmd/sdp-trace/witness_388_buildrecord.go:9.70,11.9 2 1
github.com/fall_out_bug/sdp-trace/cmd/sdp-trace/witness_388_buildrecord.go:11.9,15.3 1 1
github.com/fall_out_bug/sdp-trace/cmd/sdp-trace/witness_388_buildrecord.go:16.2,16.22 1 1
github.com/fall_out_bug/sdp-trace/cmd/sdp-trace/witness_389_builders.go:9.62,18.2 1 1
github.com/fall_out_bug/sdp-trace/cmd/sdp-trace/witness_391_buildgithubactions.go:7.77,9.2 1 1
github.com/fall_out_bug/sdp-trace/cmd/sdp-trace/witness_392_buildenvelope.go:7.72,13.2 1 1
github.com/fall_out_bug/sdp-trace/cmd/sdp-trace/witness_393_buildcustomerpki.go:7.75,17.2 1 0
github.com/fall_out_bug/sdp-trace/cmd/sdp-trace/witness_394_writerecordoutput.go:11.76,16.23 3 1
github.com/fall_out_bug/sdp-trace/cmd/sdp-trace/witness_394_writerecordoutput.go:17.61,20.26 1 1
github.com/fall_out_bug/sdp-trace/cmd/sdp-trace/witness_394_writerecordoutput.go:21.26,22.11 1 1
github.com/fall_out_bug/sdp-trace/cmd/sdp-trace/witness_394_writerecordoutput.go:23.10,24.11 1 1
github.com/fall_out_bug/sdp-trace/cmd/sdp-trace/witness_395_missingcustomerpkiflags.go:7.54,16.46 3 1
github.com/fall_out_bug/sdp-trace/cmd/sdp-trace/witness_395_missingcustomerpkiflags.go:16.46,20.3 1 1
github.com/fall_out_bug/sdp-trace/cmd/sdp-trace/witness_395_missingcustomerpkiflags.go:22.2,23.16 2 1
github.com/fall_out_bug/sdp-trace/cmd/sdp-trace/witness_396_appendmissingstringflags.go:7.101,8.35 1 1
github.com/fall_out_bug/sdp-trace/cmd/sdp-trace/witness_396_appendmissingstringflags.go:8.35,9.54 1 1
github.com/fall_out_bug/sdp-trace/cmd/sdp-trace/witness_396_appendmissingstringflags.go:9.54,12.4 1 1
github.com/fall_out_bug/sdp-trace/cmd/sdp-trace/witness_396_appendmissingstringflags.go:14.2,14.16 1 1
github.com/fall_out_bug/sdp-trace/cmd/sdp-trace/witness_397_missingcustomerpkipubliccredential.go:7.61,9.2 1 1
github.com/fall_out_bug/sdp-trace/cmd/sdp-trace/witness_398_allowedwitnesskind.go:7.43,8.14 1 1
github.com/fall_out_bug/sdp-trace/cmd/sdp-trace/witness_398_allowedwitnesskind.go:9.103,11.14 1 1
github.com/fall_out_bug/sdp-trace/cmd/sdp-trace/witness_398_allowedwitnesskind.go:12.10,13.15 1 1
github.com/fall_out_bug/sdp-trace/cmd/sdp-trace/wrap_399_run.go:8.80,9.18 1 1
github.com/fall_out_bug/sdp-trace/cmd/sdp-trace/wrap_399_run.go:9.18,12.3 2 0
github.com/fall_out_bug/sdp-trace/cmd/sdp-trace/wrap_399_run.go:15.2,16.9 2 1
github.com/fall_out_bug/sdp-trace/cmd/sdp-trace/wrap_399_run.go:16.9,18.3 1 0
github.com/fall_out_bug/sdp-trace/cmd/sdp-trace/wrap_399_run.go:19.2,19.66 1 1
github.com/fall_out_bug/sdp-trace/cmd/sdp-trace/wrap_400_runlegacyrecorder.go:10.112,21.2 2 1
github.com/fall_out_bug/sdp-trace/cmd/sdp-trace/wrap_401_parseargs.go:7.85,14.41 5 1
github.com/fall_out_bug/sdp-trace/cmd/sdp-trace/wrap_401_parseargs.go:14.41,16.3 1 0
github.com/fall_out_bug/sdp-trace/cmd/sdp-trace/wrap_401_parseargs.go:19.2,20.9 2 1
github.com/fall_out_bug/sdp-trace/cmd/sdp-trace/wrap_401_parseargs.go:20.9,22.3 1 0
github.com/fall_out_bug/sdp-trace/cmd/sdp-trace/wrap_401_parseargs.go:23.2,23.31 1 1
github.com/fall_out_bug/sdp-trace/cmd/sdp-trace/wrap_402_command.go:8.68,10.23 2 1
github.com/fall_out_bug/sdp-trace/cmd/sdp-trace/wrap_402_command.go:10.23,14.3 2 0
github.com/fall_out_bug/sdp-trace/cmd/sdp-trace/wrap_402_command.go:15.2,15.22 1 1
github.com/fall_out_bug/sdp-trace/cmd/sdp-trace/wrap_403_writerunresult.go:10.91,11.16 1 1
github.com/fall_out_bug/sdp-trace/cmd/sdp-trace/wrap_403_writerunresult.go:11.16,14.3 2 0
github.com/fall_out_bug/sdp-trace/cmd/sdp-trace/wrap_403_writerunresult.go:17.2,18.21 2 1
github.com/fall_out_bug/sdp-trace/cmd/sdp-trace/wrap_404_runwrappedcommand.go:8.90,9.18 1 1
github.com/fall_out_bug/sdp-trace/cmd/sdp-trace/wrap_404_runwrappedcommand.go:9.18,12.3 2 0
github.com/fall_out_bug/sdp-trace/cmd/sdp-trace/wrap_404_runwrappedcommand.go:13.2,14.9 2 1
github.com/fall_out_bug/sdp-trace/cmd/sdp-trace/wrap_404_runwrappedcommand.go:14.9,16.3 1 0
github.com/fall_out_bug/sdp-trace/cmd/sdp-trace/wrap_404_runwrappedcommand.go:19.2,19.60 1 1
github.com/fall_out_bug/sdp-trace/cmd/sdp-trace/wrap_405_runtaskrecorder.go:10.106,24.2 3 1
github.com/fall_out_bug/sdp-trace/cmd/sdp-trace/wrap_406_parsewrappedcommandargs.go:7.95,16.41 7 1
github.com/fall_out_bug/sdp-trace/cmd/sdp-trace/wrap_406_parsewrappedcommandargs.go:16.41,20.3 1 1
github.com/fall_out_bug/sdp-trace/cmd/sdp-trace/wrap_406_parsewrappedcommandargs.go:21.2,24.55 2 1
github.com/fall_out_bug/sdp-trace/cmd/sdp-trace/wrap_406_parsewrappedcommandargs.go:24.55,26.3 1 1
github.com/fall_out_bug/sdp-trace/cmd/sdp-trace/wrap_406_parsewrappedcommandargs.go:27.2,27.31 1 1
github.com/fall_out_bug/sdp-trace/cmd/sdp-trace/wrap_407_requirewrappedcommandargs.go:8.88,9.23 1 1
github.com/fall_out_bug/sdp-trace/cmd/sdp-trace/wrap_407_requirewrappedcommandargs.go:9.23,14.3 2 1
github.com/fall_out_bug/sdp-trace/cmd/sdp-trace/wrap_407_requirewrappedcommandargs.go:15.2,15.36 1 1
github.com/fall_out_bug/sdp-trace/cmd/sdp-trace/wrap_407_requirewrappedcommandargs.go:15.36,19.3 2 1
github.com/fall_out_bug/sdp-trace/cmd/sdp-trace/wrap_407_requirewrappedcommandargs.go:20.2,20.35 1 1
github.com/fall_out_bug/sdp-trace/cmd/sdp-trace/wrap_407_requirewrappedcommandargs.go:20.35,25.3 2 1
github.com/fall_out_bug/sdp-trace/cmd/sdp-trace/wrap_407_requirewrappedcommandargs.go:26.2,26.13 1 1
github.com/fall_out_bug/sdp-trace/cmd/sdp-trace/wrap_408_missingrequiredcontract.go:3.50,5.2 1 1
github.com/fall_out_bug/sdp-trace/cmd/sdp-trace/wrap_409_rundryrun.go:8.80,10.2 1 1
github.com/fall_out_bug/sdp-trace/cmd/sdp-trace/wrap_410_runpreview.go:8.81,10.2 1 1
github.com/fall_out_bug/sdp-trace/cmd/sdp-trace/wrap_411_runpreviewcommand.go:7.95,8.18 1 1
github.com/fall_out_bug/sdp-trace/cmd/sdp-trace/wrap_411_runpreviewcommand.go:8.18,11.3 2 0
github.com/fall_out_bug/sdp-trace/cmd/sdp-trace/wrap_411_runpreviewcommand.go:14.2,15.9 2 1
github.com/fall_out_bug/sdp-trace/cmd/sdp-trace/wrap_411_runpreviewcommand.go:15.9,17.3 1 0
github.com/fall_out_bug/sdp-trace/cmd/sdp-trace/wrap_411_runpreviewcommand.go:21.2,22.9 2 1
github.com/fall_out_bug/sdp-trace/cmd/sdp-trace/wrap_411_runpreviewcommand.go:22.9,24.3 1 0
github.com/fall_out_bug/sdp-trace/cmd/sdp-trace/wrap_411_runpreviewcommand.go:25.2,27.10 3 1
github.com/fall_out_bug/sdp-trace/cmd/sdp-trace/wrap_412_writepreviewcommandpayload.go:9.75,13.2 2 1
github.com/fall_out_bug/sdp-trace/cmd/sdp-trace/wrap_413_previewcommandpayload.go:7.99,20.2 1 1
github.com/fall_out_bug/sdp-trace/cmd/sdp-trace/wrap_414_parsepreviewcommandargs.go:8.115,15.41 5 1
github.com/fall_out_bug/sdp-trace/cmd/sdp-trace/wrap_414_parsepreviewcommandargs.go:15.41,17.3 1 1
github.com/fall_out_bug/sdp-trace/cmd/sdp-trace/wrap_414_parsepreviewcommandargs.go:20.2,21.23 2 1
github.com/fall_out_bug/sdp-trace/cmd/sdp-trace/wrap_414_parsepreviewcommandargs.go:21.23,25.3 2 1
github.com/fall_out_bug/sdp-trace/cmd/sdp-trace/wrap_414_parsepreviewcommandargs.go:26.2,26.35 1 1
github.com/fall_out_bug/sdp-trace/cmd/sdp-trace/wrap_414_parsepreviewcommandargs.go:26.35,31.3 2 1
github.com/fall_out_bug/sdp-trace/cmd/sdp-trace/wrap_414_parsepreviewcommandargs.go:36.2,36.31 1 1
github.com/fall_out_bug/sdp-trace/cmd/sdp-trace/wrap_415_loadpreviewcontract.go:10.107,13.24 3 1
github.com/fall_out_bug/sdp-trace/cmd/sdp-trace/wrap_415_loadpreviewcontract.go:13.24,17.17 2 1
github.com/fall_out_bug/sdp-trace/cmd/sdp-trace/wrap_415_loadpreviewcontract.go:17.17,20.4 2 0
github.com/fall_out_bug/sdp-trace/cmd/sdp-trace/wrap_415_loadpreviewcontract.go:21.3,21.20 1 1
github.com/fall_out_bug/sdp-trace/cmd/sdp-trace/wrap_415_loadpreviewcontract.go:23.2,23.26 1 1
github.com/fall_out_bug/sdp-trace/tools/doccheck/compare.go:8.52,15.42 5 1
github.com/fall_out_bug/sdp-trace/tools/doccheck/compare.go:15.42,17.3 1 1
github.com/fall_out_bug/sdp-trace/tools/doccheck/compare.go:18.2,18.102 1 1
github.com/fall_out_bug/sdp-trace/tools/doccheck/compare.go:21.58,25.22 2 1
github.com/fall_out_bug/sdp-trace/tools/doccheck/compare.go:25.22,27.3 1 1
github.com/fall_out_bug/sdp-trace/tools/doccheck/compare.go:28.2,28.20 1 1
github.com/fall_out_bug/sdp-trace/tools/doccheck/compare.go:28.20,30.3 1 1
github.com/fall_out_bug/sdp-trace/tools/doccheck/compare.go:31.2,31.35 1 1
github.com/fall_out_bug/sdp-trace/tools/doccheck/document.go:5.46,10.52 3 1
github.com/fall_out_bug/sdp-trace/tools/doccheck/document.go:10.52,12.81 2 1
github.com/fall_out_bug/sdp-trace/tools/doccheck/document.go:12.81,13.12 1 1
github.com/fall_out_bug/sdp-trace/tools/doccheck/document.go:15.3,15.88 1 1
github.com/fall_out_bug/sdp-trace/tools/doccheck/document.go:17.2,17.31 1 1
github.com/fall_out_bug/sdp-trace/tools/doccheck/document.go:20.47,24.9 2 1
github.com/fall_out_bug/sdp-trace/tools/doccheck/document.go:24.9,26.3 1 0
github.com/fall_out_bug/sdp-trace/tools/doccheck/document.go:27.2,28.9 2 1
github.com/fall_out_bug/sdp-trace/tools/doccheck/document.go:28.9,30.3 1 0
github.com/fall_out_bug/sdp-trace/tools/doccheck/document.go:31.2,31.15 1 1
github.com/fall_out_bug/sdp-trace/tools/doccheck/help.go:12.36,22.16 6 1
github.com/fall_out_bug/sdp-trace/tools/doccheck/help.go:22.16,24.3 1 0
github.com/fall_out_bug/sdp-trace/tools/doccheck/help.go:25.2,25.28 1 1
github.com/fall_out_bug/sdp-trace/tools/doccheck/help.go:28.24,33.9 2 1
github.com/fall_out_bug/sdp-trace/tools/doccheck/help.go:33.9,35.3 1 0
github.com/fall_out_bug/sdp-trace/tools/doccheck/help.go:36.2,36.70 1 1
github.com/fall_out_bug/sdp-trace/tools/doccheck/help.go:39.41,43.49 2 1
github.com/fall_out_bug/sdp-trace/tools/doccheck/help.go:43.49,44.46 1 1
github.com/fall_out_bug/sdp-trace/tools/doccheck/help.go:44.46,46.4 1 1
github.com/fall_out_bug/sdp-trace/tools/doccheck/help.go:48.2,48.31 1 1
github.com/fall_out_bug/sdp-trace/tools/doccheck/main.go:12.13,14.2 1 0
github.com/fall_out_bug/sdp-trace/tools/doccheck/main.go:16.48,19.16 1 1
github.com/fall_out_bug/sdp-trace/tools/doccheck/main.go:19.16,21.3 1 1
github.com/fall_out_bug/sdp-trace/tools/doccheck/main.go:22.2,23.10 2 1
github.com/fall_out_bug/sdp-trace/tools/doccheck/main.go:26.18,30.16 2 1
github.com/fall_out_bug/sdp-trace/tools/doccheck/main.go:30.16,32.3 1 0
github.com/fall_out_bug/sdp-trace/tools/doccheck/main.go:33.2,35.16 3 1
github.com/fall_out_bug/sdp-trace/tools/doccheck/main.go:35.16,37.3 1 0
github.com/fall_out_bug/sdp-trace/tools/doccheck/main.go:38.2,39.60 2 1
github.com/fall_out_bug/sdp-trace/tools/doccheck/main.go:39.60,41.3 1 0
github.com/fall_out_bug/sdp-trace/tools/doccheck/main.go:42.2,42.40 1 1
github.com/fall_out_bug/sdp-trace/tools/doccheck/registry.go:12.41,14.16 2 1
github.com/fall_out_bug/sdp-trace/tools/doccheck/registry.go:14.16,16.3 1 0
github.com/fall_out_bug/sdp-trace/tools/doccheck/registry.go:17.2,17.30 1 1
github.com/fall_out_bug/sdp-trace/tools/doccheck/registry.go:20.42,26.16 6 1
github.com/fall_out_bug/sdp-trace/tools/doccheck/registry.go:26.16,28.3 1 0
github.com/fall_out_bug/sdp-trace/tools/doccheck/registry.go:29.2,29.20 1 1
github.com/fall_out_bug/sdp-trace/tools/doccheck/registry.go:32.53,39.57 2 1
github.com/fall_out_bug/sdp-trace/tools/doccheck/registry.go:39.57,41.3 1 0
github.com/fall_out_bug/sdp-trace/tools/doccheck/registry.go:42.2,43.39 2 1
github.com/fall_out_bug/sdp-trace/tools/doccheck/registry.go:43.39,46.3 2 1
github.com/fall_out_bug/sdp-trace/tools/doccheck/registry.go:47.2,47.38 1 1
github.com/fall_out_bug/sdp-trace/tools/doccheck/registry.go:50.53,51.17 1 1
github.com/fall_out_bug/sdp-trace/tools/doccheck/registry.go:51.17,53.3 1 1
github.com/fall_out_bug/sdp-trace/tools/doccheck/registry.go:56.57,57.27 1 1
github.com/fall_out_bug/sdp-trace/tools/doccheck/registry.go:57.27,59.3 1 1
github.com/fall_out_bug/sdp-trace/tools/doccheck/registry.go:62.51,64.19 2 1
github.com/fall_out_bug/sdp-trace/tools/doccheck/registry.go:64.19,66.3 1 1
github.com/fall_out_bug/sdp-trace/tools/doccheck/registry.go:67.2,68.13 2 1
github.com/fall_out_bug/sdp-trace/tools/doccheck/registry.go:71.48,73.16 2 1
github.com/fall_out_bug/sdp-trace/tools/doccheck/registry.go:73.16,75.3 1 0
github.com/fall_out_bug/sdp-trace/tools/doccheck/registry.go:76.2,80.42 5 1
github.com/fall_out_bug/sdp-trace/tools/doccheck/registry.go:80.42,82.3 1 1
github.com/fall_out_bug/sdp-trace/tools/doccheck/registry.go:83.2,83.83 1 1
github.com/fall_out_bug/sdp-trace/tools/doccheck/registry.go:86.51,88.22 2 1
github.com/fall_out_bug/sdp-trace/tools/doccheck/registry.go:88.22,90.3 1 1
github.com/fall_out_bug/sdp-trace/tools/doccheck/registry.go:91.2,91.12 1 1
github.com/fall_out_bug/sdp-trace/tools/doccheck/registry.go:94.91,96.26 2 1
github.com/fall_out_bug/sdp-trace/tools/doccheck/registry.go:96.26,97.16 1 1
github.com/fall_out_bug/sdp-trace/tools/doccheck/registry.go:97.16,98.12 1 1
github.com/fall_out_bug/sdp-trace/tools/doccheck/registry.go:100.3,100.14 1 1
github.com/fall_out_bug/sdp-trace/tools/doccheck/registry.go:100.14,102.4 1 1
github.com/fall_out_bug/sdp-trace/tools/doccheck/registry.go:104.2,104.13 1 1
github.com/fall_out_bug/sdp-trace/tools/doccheck/registry.go:107.56,110.29 3 1
github.com/fall_out_bug/sdp-trace/tools/doccheck/registry.go:110.29,111.17 1 1
github.com/fall_out_bug/sdp-trace/tools/doccheck/registry.go:111.17,113.4 1 1
github.com/fall_out_bug/sdp-trace/tools/doccheck/registry.go:115.2,115.16 1 1
github.com/fall_out_bug/sdp-trace/tools/doccheck/set.go:5.58,9.33 2 1
github.com/fall_out_bug/sdp-trace/tools/doccheck/set.go:9.33,11.3 1 1
github.com/fall_out_bug/sdp-trace/tools/doccheck/set.go:12.2,13.35 2 1
github.com/fall_out_bug/sdp-trace/tools/doccheck/set.go:13.35,14.26 1 1
github.com/fall_out_bug/sdp-trace/tools/doccheck/set.go:14.26,16.4 1 1
github.com/fall_out_bug/sdp-trace/tools/doccheck/set.go:18.2,18.16 1 1
github.com/fall_out_bug/sdp-trace/tools/doccheck/set.go:21.45,26.31 3 1
github.com/fall_out_bug/sdp-trace/tools/doccheck/set.go:26.31,27.33 1 1
github.com/fall_out_bug/sdp-trace/tools/doccheck/set.go:27.33,28.12 1 0
github.com/fall_out_bug/sdp-trace/tools/doccheck/set.go:30.3,31.33 2 1
github.com/fall_out_bug/sdp-trace/tools/doccheck/set.go:33.2,34.15 2 1
